<divelog program='subsurface' version='3'>
<settings>
</settings>
<divesites>
</divesites>
<dives>
<dive number='1' sac='1.032 l/min' otu='24' cns='9%' date='2014-04-01' time='10:00:00' duration='77:54 min'>
  <notes>CCR dive</notes>
  <cylinder size='2.0 l' o2='100.0%' start='190.0 bar' end='130.0 bar' />
  <cylinder size='2.0 l' start='185.0 bar' end='130.0 bar' />
  <divecomputer model='Subsurface Divelog'>
  <depth max='38.99 m' mean='17.72 m' />
  <temperature water='4.3 C' />
  <event time='0:02 min' type='11' value='21' name='gaschange' cylinder='1' />
  <sample time='0:02 min' depth='2.34 m' />
  <sample time='0:04 min' depth='2.92 m' />
  <sample time='0:06 min' depth='3.27 m' />
  <sample time='0:08 min' depth='3.55 m' />
  <sample time='0:10 min' depth='4.04 m' />
  <sample time='0:12 min' depth='4.52 m' temp='10.0 C' />
  <sample time='0:14 min' depth='5.14 m' />
  <sample time='0:16 min' depth='5.68 m' />
  <sample time='0:18 min' depth='6.09 m' />
  <sample time='0:20 min' depth='6.55 m' />
  <sample time='0:22 min' depth='6.86 m' />
  <sample time='0:24 min' depth='6.97 m' />
  <sample time='0:26 min' depth='7.0 m' />
  <sample time='0:28 min' depth='7.05 m' />
  <sample time='0:30 min' depth='6.99 m' />
  <sample time='0:32 min' depth='6.95 m' />
  <sample time='0:34 min' depth='7.0 m' />
  <sample time='0:36 min' depth='6.97 m' />
  <sample time='0:38 min' depth='6.97 m' />
  <sample time='0:40 min' depth='7.2 m' />
  <sample time='0:42 min' depth='7.27 m' />
  <sample time='0:44 min' depth='7.25 m' />
  <sample time='0:46 min' depth='7.3 m' />
  <sample time='0:48 min' depth='7.15 m' />
  <sample time='0:50 min' depth='7.04 m' />
  <sample time='0:52 min' depth='7.07 m' />
  <sample time='0:54 min' depth='6.95 m' />
  <sample time='0:56 min' depth='7.0 m' />
  <sample time='0:58 min' depth='7.0 m' />
  <sample time='1:00 min' depth='7.06 m' />
  <sample time='1:02 min' depth='7.13 m' />
  <sample time='1:04 min' depth='7.16 m' />
  <sample time='1:06 min' depth='7.07 m' />
  <sample time='1:08 min' depth='6.69 m' />
  <sample time='1:10 min' depth='6.82 m' />
  <sample time='1:12 min' depth='6.79 m' />
  <sample time='1:14 min' depth='6.89 m' />
  <sample time='1:16 min' depth='6.88 m' />
  <sample time='1:18 min' depth='6.88 m' />
  <sample time='1:20 min' depth='6.94 m' />
  <sample time='1:22 min' depth='6.75 m' />
  <sample time='1:24 min' depth='6.78 m' />
  <sample time='1:26 min' depth='6.78 m' />
  <sample time='1:28 min' depth='6.75 m' />
  <sample time='1:30 min' depth='6.74 m' />
  <sample time='1:32 min' depth='6.81 m' />
  <sample time='1:34 min' depth='6.84 m' />
  <sample time='1:36 min' depth='6.89 m' />
  <sample time='1:38 min' depth='7.01 m' />
  <sample time='1:40 min' depth='7.03 m' />
  <sample time='1:42 min' depth='7.0 m' />
  <sample time='1:44 min' depth='7.03 m' />
  <sample time='1:46 min' depth='7.08 m' />
  <sample time='1:48 min' depth='7.15 m' />
  <sample time='1:50 min' depth='7.11 m' />
  <sample time='1:52 min' depth='7.06 m' />
  <sample time='1:54 min' depth='7.04 m' />
  <sample time='1:56 min' depth='7.04 m' />
  <sample time='1:58 min' depth='7.19 m' />
  <sample time='2:00 min' depth='7.54 m' />
  <sample time='2:02 min' depth='7.73 m' />
  <sample time='2:04 min' depth='8.02 m' />
  <sample time='2:06 min' depth='8.22 m' />
  <sample time='2:08 min' depth='8.42 m' />
  <sample time='2:10 min' depth='8.24 m' />
  <sample time='2:12 min' depth='8.85 m' />
  <sample time='2:14 min' depth='9.23 m' />
  <sample time='2:16 min' depth='9.59 m' />
  <sample time='2:18 min' depth='10.0 m' />
  <sample time='2:20 min' depth='10.37 m' />
  <sample time='2:22 min' depth='10.88 m' />
  <sample time='2:24 min' depth='11.25 m' temp='9.9 C' />
  <sample time='2:26 min' depth='11.57 m' />
  <sample time='2:28 min' depth='11.92 m' />
  <sample time='2:30 min' depth='12.22 m' />
  <sample time='2:32 min' depth='12.46 m' />
  <sample time='2:34 min' depth='12.56 m' />
  <sample time='2:36 min' depth='12.72 m' temp='10.0 C' />
  <sample time='2:38 min' depth='13.02 m' />
  <sample time='2:40 min' depth='13.44 m' />
  <sample time='2:42 min' depth='13.89 m' />
  <sample time='2:44 min' depth='14.33 m' />
  <sample time='2:46 min' depth='14.76 m' />
  <sample time='2:48 min' depth='15.03 m' temp='9.9 C' />
  <sample time='2:50 min' depth='15.3 m' />
  <sample time='2:52 min' depth='15.53 m' />
  <sample time='2:54 min' depth='15.82 m' />
  <sample time='2:56 min' depth='16.05 m' />
  <sample time='2:58 min' depth='16.09 m' />
  <sample time='3:00 min' depth='16.34 m' />
  <sample time='3:02 min' depth='16.48 m' />
  <sample time='3:04 min' depth='16.61 m' />
  <sample time='3:06 min' depth='16.64 m' />
  <sample time='3:08 min' depth='16.88 m' />
  <sample time='3:10 min' depth='17.12 m' />
  <sample time='3:12 min' depth='17.29 m' />
  <sample time='3:14 min' depth='17.45 m' />
  <sample time='3:16 min' depth='17.5 m' />
  <sample time='3:18 min' depth='17.58 m' />
  <sample time='3:20 min' depth='17.81 m' />
  <sample time='3:22 min' depth='18.06 m' />
  <sample time='3:24 min' depth='18.35 m' />
  <sample time='3:26 min' depth='18.59 m' />
  <sample time='3:28 min' depth='18.86 m' />
  <sample time='3:30 min' depth='19.13 m' />
  <sample time='3:32 min' depth='19.46 m' />
  <sample time='3:34 min' depth='19.76 m' />
  <sample time='3:36 min' depth='20.01 m' temp='9.8 C' />
  <sample time='3:38 min' depth='20.22 m' />
  <sample time='3:40 min' depth='20.29 m' />
  <sample time='3:42 min' depth='20.25 m' />
  <sample time='3:44 min' depth='20.39 m' />
  <sample time='3:46 min' depth='20.5 m' />
  <sample time='3:48 min' depth='20.56 m' temp='9.1 C' />
  <sample time='3:50 min' depth='20.53 m' />
  <sample time='3:52 min' depth='20.71 m' />
  <sample time='3:54 min' depth='20.87 m' />
  <sample time='3:56 min' depth='21.03 m' />
  <sample time='3:58 min' depth='21.23 m' />
  <sample time='4:00 min' depth='21.2 m' temp='8.4 C' />
  <sample time='4:02 min' depth='21.19 m' />
  <sample time='4:04 min' depth='21.16 m' />
  <sample time='4:06 min' depth='21.06 m' />
  <sample time='4:08 min' depth='21.05 m' />
  <sample time='4:10 min' depth='21.09 m' />
  <sample time='4:12 min' depth='21.29 m' temp='7.8 C' />
  <sample time='4:14 min' depth='21.42 m' />
  <sample time='4:16 min' depth='21.59 m' />
  <sample time='4:18 min' depth='21.76 m' />
  <sample time='4:20 min' depth='21.92 m' />
  <sample time='4:22 min' depth='21.99 m' />
  <sample time='4:24 min' depth='22.13 m' temp='7.4 C' />
  <sample time='4:26 min' depth='22.28 m' />
  <sample time='4:28 min' depth='22.57 m' />
  <sample time='4:30 min' depth='22.81 m' />
  <sample time='4:32 min' depth='23.13 m' />
  <sample time='4:34 min' depth='23.41 m' />
  <sample time='4:36 min' depth='23.77 m' temp='7.0 C' />
  <sample time='4:38 min' depth='24.19 m' />
  <sample time='4:40 min' depth='24.53 m' />
  <sample time='4:42 min' depth='24.76 m' />
  <sample time='4:44 min' depth='24.9 m' />
  <sample time='4:46 min' depth='25.13 m' />
  <sample time='4:48 min' depth='25.28 m' temp='6.6 C' />
  <sample time='4:50 min' depth='25.5 m' />
  <sample time='4:52 min' depth='25.65 m' />
  <sample time='4:54 min' depth='25.8 m' />
  <sample time='4:56 min' depth='26.04 m' />
  <sample time='4:58 min' depth='26.27 m' />
  <sample time='5:00 min' depth='26.47 m' temp='6.2 C' />
  <sample time='5:02 min' depth='26.66 m' />
  <sample time='5:04 min' depth='26.72 m' />
  <sample time='5:06 min' depth='26.79 m' />
  <sample time='5:08 min' depth='26.84 m' />
  <sample time='5:10 min' depth='26.94 m' />
  <sample time='5:12 min' depth='27.18 m' temp='5.8 C' />
  <sample time='5:14 min' depth='27.44 m' />
  <sample time='5:16 min' depth='27.72 m' />
  <sample time='5:18 min' depth='28.03 m' />
  <sample time='5:20 min' depth='28.31 m' />
  <sample time='5:22 min' depth='28.49 m' />
  <sample time='5:24 min' depth='28.71 m' temp='5.6 C' />
  <sample time='5:26 min' depth='28.83 m' />
  <sample time='5:28 min' depth='29.01 m' />
  <sample time='5:30 min' depth='29.11 m' />
  <sample time='5:32 min' depth='29.22 m' />
  <sample time='5:34 min' depth='29.35 m' />
  <sample time='5:36 min' depth='29.62 m' temp='5.3 C' />
  <sample time='5:38 min' depth='29.78 m' />
  <sample time='5:40 min' depth='29.89 m' />
  <sample time='5:42 min' depth='30.01 m' />
  <sample time='5:44 min' depth='30.12 m' />
  <sample time='5:46 min' depth='30.31 m' />
  <sample time='5:48 min' depth='30.52 m' temp='5.2 C' />
  <sample time='5:50 min' depth='30.85 m' />
  <sample time='5:52 min' depth='31.05 m' />
  <sample time='5:54 min' depth='31.37 m' />
  <sample time='5:56 min' depth='31.52 m' />
  <sample time='5:58 min' depth='31.65 m' />
  <sample time='6:00 min' depth='31.82 m' temp='5.0 C' />
  <sample time='6:02 min' depth='32.11 m' />
  <sample time='6:04 min' depth='32.19 m' />
  <sample time='6:06 min' depth='32.44 m' />
  <sample time='6:08 min' depth='32.59 m' />
  <sample time='6:10 min' depth='32.7 m' />
  <sample time='6:12 min' depth='32.84 m' temp='4.8 C' />
  <sample time='6:14 min' depth='33.05 m' />
  <sample time='6:16 min' depth='33.02 m' />
  <sample time='6:18 min' depth='33.0 m' />
  <sample time='6:20 min' depth='33.57 m' />
  <sample time='6:22 min' depth='33.75 m' />
  <sample time='6:24 min' depth='33.93 m' temp='4.7 C' />
  <sample time='6:26 min' depth='34.04 m' />
  <sample time='6:28 min' depth='34.18 m' />
  <sample time='6:30 min' depth='34.23 m' />
  <sample time='6:32 min' depth='34.38 m' />
  <sample time='6:34 min' depth='34.36 m' />
  <sample time='6:36 min' depth='34.5 m' temp='4.6 C' />
  <sample time='6:38 min' depth='34.38 m' />
  <sample time='6:40 min' depth='34.36 m' />
  <sample time='6:42 min' depth='34.31 m' />
  <sample time='6:44 min' depth='34.35 m' />
  <sample time='6:46 min' depth='34.42 m' />
  <sample time='6:48 min' depth='34.48 m' />
  <sample time='6:50 min' depth='34.61 m' />
  <sample time='6:52 min' depth='34.72 m' />
  <sample time='6:54 min' depth='34.84 m' />
  <sample time='6:56 min' depth='34.9 m' />
  <sample time='6:58 min' depth='35.04 m' />
  <sample time='7:00 min' depth='35.11 m' temp='4.5 C' />
  <sample time='7:02 min' depth='35.16 m' />
  <sample time='7:04 min' depth='35.18 m' />
  <sample time='7:06 min' depth='35.17 m' />
  <sample time='7:08 min' depth='35.16 m' />
  <sample time='7:10 min' depth='35.17 m' />
  <sample time='7:12 min' depth='35.06 m' />
  <sample time='7:14 min' depth='35.0 m' />
  <sample time='7:16 min' depth='35.02 m' />
  <sample time='7:18 min' depth='34.91 m' />
  <sample time='7:20 min' depth='34.8 m' />
  <sample time='7:22 min' depth='34.68 m' />
  <sample time='7:24 min' depth='34.59 m' />
  <sample time='7:26 min' depth='34.44 m' />
  <sample time='7:28 min' depth='34.18 m' />
  <sample time='7:30 min' depth='34.02 m' />
  <sample time='7:32 min' depth='33.84 m' />
  <sample time='7:34 min' depth='33.68 m' />
  <sample time='7:36 min' depth='33.42 m' />
  <sample time='7:38 min' depth='33.04 m' />
  <sample time='7:40 min' depth='32.83 m' />
  <sample time='7:42 min' depth='32.56 m' />
  <sample time='7:44 min' depth='32.42 m' />
  <sample time='7:46 min' depth='32.31 m' />
  <sample time='7:48 min' depth='31.8 m' />
  <sample time='7:50 min' depth='31.52 m' />
  <sample time='7:52 min' depth='31.33 m' />
  <sample time='7:54 min' depth='31.65 m' />
  <sample time='7:56 min' depth='31.65 m' />
  <sample time='7:58 min' depth='31.57 m' />
  <sample time='8:00 min' depth='31.48 m' />
  <sample time='8:02 min' depth='31.23 m' />
  <sample time='8:04 min' depth='30.68 m' />
  <sample time='8:06 min' depth='30.26 m' />
  <sample time='8:08 min' depth='30.05 m' />
  <sample time='8:10 min' depth='30.4 m' />
  <sample time='8:12 min' depth='30.37 m' />
  <sample time='8:14 min' depth='30.36 m' />
  <sample time='8:16 min' depth='30.25 m' />
  <sample time='8:18 min' depth='30.13 m' />
  <sample time='8:20 min' depth='30.0 m' />
  <sample time='8:22 min' depth='29.92 m' />
  <sample time='8:24 min' depth='29.77 m' temp='4.6 C' />
  <sample time='8:26 min' depth='29.59 m' />
  <sample time='8:28 min' depth='29.47 m' />
  <sample time='8:30 min' depth='29.32 m' />
  <sample time='8:32 min' depth='29.16 m' />
  <sample time='8:34 min' depth='28.85 m' />
  <sample time='8:36 min' depth='28.79 m' />
  <sample time='8:38 min' depth='28.61 m' />
  <sample time='8:40 min' depth='28.56 m' />
  <sample time='8:42 min' depth='28.49 m' />
  <sample time='8:44 min' depth='28.32 m' />
  <sample time='8:46 min' depth='28.24 m' />
  <sample time='8:48 min' depth='28.11 m' temp='4.7 C' />
  <sample time='8:50 min' depth='27.93 m' />
  <sample time='8:52 min' depth='27.75 m' />
  <sample time='8:54 min' depth='27.53 m' />
  <sample time='8:56 min' depth='27.3 m' />
  <sample time='8:58 min' depth='26.99 m' />
  <sample time='9:00 min' depth='26.72 m' />
  <sample time='9:02 min' depth='26.21 m' />
  <sample time='9:04 min' depth='25.66 m' />
  <sample time='9:06 min' depth='25.67 m' />
  <sample time='9:08 min' depth='25.66 m' />
  <sample time='9:10 min' depth='25.5 m' />
  <sample time='9:12 min' depth='25.27 m' temp='4.8 C' />
  <sample time='9:14 min' depth='25.09 m' />
  <sample time='9:16 min' depth='24.89 m' />
  <sample time='9:18 min' depth='24.68 m' />
  <sample time='9:20 min' depth='24.48 m' />
  <sample time='9:22 min' depth='24.21 m' />
  <sample time='9:24 min' depth='23.68 m' temp='5.0 C' />
  <sample time='9:26 min' depth='23.23 m' />
  <sample time='9:28 min' depth='22.87 m' />
  <sample time='9:30 min' depth='23.11 m' />
  <sample time='9:32 min' depth='23.03 m' />
  <sample time='9:34 min' depth='22.96 m' />
  <sample time='9:36 min' depth='22.91 m' temp='5.2 C' />
  <sample time='9:38 min' depth='22.98 m' />
  <sample time='9:40 min' depth='23.05 m' />
  <sample time='9:42 min' depth='23.06 m' />
  <sample time='9:44 min' depth='23.11 m' />
  <sample time='9:46 min' depth='23.13 m' />
  <sample time='9:48 min' depth='23.16 m' temp='5.5 C' />
  <sample time='9:50 min' depth='23.1 m' />
  <sample time='9:52 min' depth='23.12 m' />
  <sample time='9:54 min' depth='23.16 m' />
  <sample time='9:56 min' depth='23.28 m' />
  <sample time='9:58 min' depth='23.47 m' />
  <sample time='10:00 min' depth='23.61 m' temp='5.7 C' />
  <sample time='10:02 min' depth='23.72 m' />
  <sample time='10:04 min' depth='23.72 m' />
  <sample time='10:06 min' depth='23.76 m' />
  <sample time='10:08 min' depth='23.73 m' />
  <sample time='10:10 min' depth='23.72 m' />
  <sample time='10:12 min' depth='23.71 m' temp='5.8 C' />
  <sample time='10:14 min' depth='23.73 m' />
  <sample time='10:16 min' depth='23.73 m' />
  <sample time='10:18 min' depth='23.9 m' />
  <sample time='10:20 min' depth='24.14 m' />
  <sample time='10:22 min' depth='24.25 m' />
  <sample time='10:24 min' depth='24.37 m' />
  <sample time='10:26 min' depth='24.57 m' />
  <sample time='10:28 min' depth='24.71 m' />
  <sample time='10:30 min' depth='24.85 m' />
  <sample time='10:32 min' depth='25.0 m' />
  <sample time='10:34 min' depth='25.16 m' />
  <sample time='10:36 min' depth='25.29 m' />
  <sample time='10:38 min' depth='25.28 m' />
  <sample time='10:40 min' depth='25.22 m' />
  <sample time='10:42 min' depth='25.19 m' />
  <sample time='10:44 min' depth='25.18 m' />
  <sample time='10:46 min' depth='25.19 m' />
  <sample time='10:48 min' depth='25.21 m' temp='5.6 C' />
  <sample time='10:50 min' depth='25.28 m' />
  <sample time='10:52 min' depth='25.33 m' />
  <sample time='10:54 min' depth='25.39 m' />
  <sample time='10:56 min' depth='25.42 m' />
  <sample time='10:58 min' depth='25.47 m' />
  <sample time='11:00 min' depth='25.49 m' temp='5.5 C' />
  <sample time='11:02 min' depth='25.56 m' />
  <sample time='11:04 min' depth='25.54 m' />
  <sample time='11:06 min' depth='25.66 m' />
  <sample time='11:08 min' depth='25.68 m' />
  <sample time='11:10 min' depth='25.7 m' />
  <sample time='11:12 min' depth='25.67 m' temp='5.4 C' />
  <sample time='11:14 min' depth='25.81 m' />
  <sample time='11:16 min' depth='25.84 m' />
  <sample time='11:18 min' depth='25.89 m' />
  <sample time='11:20 min' depth='25.97 m' />
  <sample time='11:22 min' depth='26.04 m' />
  <sample time='11:24 min' depth='26.14 m' />
  <sample time='11:26 min' depth='26.19 m' />
  <sample time='11:28 min' depth='26.26 m' />
  <sample time='11:30 min' depth='26.29 m' />
  <sample time='11:32 min' depth='26.35 m' />
  <sample time='11:34 min' depth='26.38 m' />
  <sample time='11:36 min' depth='26.37 m' temp='5.3 C' />
  <sample time='11:38 min' depth='26.35 m' />
  <sample time='11:40 min' depth='26.25 m' />
  <sample time='11:42 min' depth='26.11 m' />
  <sample time='11:44 min' depth='26.1 m' />
  <sample time='11:46 min' depth='26.05 m' />
  <sample time='11:48 min' depth='26.02 m' />
  <sample time='11:50 min' depth='26.03 m' />
  <sample time='11:52 min' depth='26.03 m' />
  <sample time='11:54 min' depth='26.0 m' />
  <sample time='11:56 min' depth='25.96 m' />
  <sample time='11:58 min' depth='25.94 m' />
  <sample time='12:00 min' depth='25.85 m' />
  <sample time='12:02 min' depth='25.79 m' />
  <sample time='12:04 min' depth='25.7 m' />
  <sample time='12:06 min' depth='25.6 m' />
  <sample time='12:08 min' depth='25.51 m' />
  <sample time='12:10 min' depth='25.36 m' />
  <sample time='12:12 min' depth='25.24 m' />
  <sample time='12:14 min' depth='25.14 m' />
  <sample time='12:16 min' depth='25.01 m' />
  <sample time='12:18 min' depth='24.86 m' />
  <sample time='12:20 min' depth='24.26 m' />
  <sample time='12:22 min' depth='24.15 m' />
  <sample time='12:24 min' depth='24.51 m' />
  <sample time='12:26 min' depth='24.56 m' />
  <sample time='12:28 min' depth='24.6 m' />
  <sample time='12:30 min' depth='24.68 m' />
  <sample time='12:32 min' depth='24.77 m' />
  <sample time='12:34 min' depth='24.86 m' />
  <sample time='12:36 min' depth='24.9 m' temp='5.4 C' />
  <sample time='12:38 min' depth='24.81 m' />
  <sample time='12:40 min' depth='24.7 m' />
  <sample time='12:42 min' depth='24.53 m' />
  <sample time='12:44 min' depth='24.47 m' />
  <sample time='12:46 min' depth='24.47 m' />
  <sample time='12:48 min' depth='24.46 m' />
  <sample time='12:50 min' depth='24.46 m' />
  <sample time='12:52 min' depth='24.46 m' />
  <sample time='12:54 min' depth='24.43 m' />
  <sample time='12:56 min' depth='24.4 m' />
  <sample time='12:58 min' depth='24.37 m' />
  <sample time='13:00 min' depth='24.31 m' temp='5.5 C' />
  <sample time='13:02 min' depth='24.26 m' />
  <sample time='13:04 min' depth='24.22 m' />
  <sample time='13:06 min' depth='24.14 m' />
  <sample time='13:08 min' depth='24.07 m' />
  <sample time='13:10 min' depth='23.97 m' />
  <sample time='13:12 min' depth='23.79 m' />
  <sample time='13:14 min' depth='23.63 m' />
  <sample time='13:16 min' depth='23.41 m' />
  <sample time='13:18 min' depth='23.3 m' />
  <sample time='13:20 min' depth='23.12 m' />
  <sample time='13:22 min' depth='22.79 m' />
  <sample time='13:24 min' depth='22.64 m' temp='5.7 C' />
  <sample time='13:26 min' depth='22.46 m' />
  <sample time='13:28 min' depth='22.29 m' />
  <sample time='13:30 min' depth='22.02 m' />
  <sample time='13:32 min' depth='21.62 m' />
  <sample time='13:34 min' depth='21.9 m' />
  <sample time='13:36 min' depth='21.84 m' temp='5.8 C' />
  <sample time='13:38 min' depth='21.77 m' />
  <sample time='13:40 min' depth='21.36 m' />
  <sample time='13:42 min' depth='20.9 m' />
  <sample time='13:44 min' depth='20.74 m' />
  <sample time='13:46 min' depth='21.08 m' />
  <sample time='13:48 min' depth='21.08 m' temp='6.1 C' />
  <sample time='13:50 min' depth='21.02 m' />
  <sample time='13:52 min' depth='20.96 m' />
  <sample time='13:54 min' depth='20.91 m' />
  <sample time='13:56 min' depth='20.87 m' />
  <sample time='13:58 min' depth='20.8 m' />
  <sample time='14:00 min' depth='20.68 m' temp='6.4 C' />
  <sample time='14:02 min' depth='20.25 m' />
  <sample time='14:04 min' depth='19.88 m' />
  <sample time='14:06 min' depth='19.59 m' />
  <sample time='14:08 min' depth='18.99 m' />
  <sample time='14:10 min' depth='18.77 m' />
  <sample time='14:12 min' depth='18.91 m' temp='6.7 C' />
  <sample time='14:14 min' depth='18.78 m' />
  <sample time='14:16 min' depth='18.6 m' />
  <sample time='14:18 min' depth='18.42 m' />
  <sample time='14:20 min' depth='18.22 m' />
  <sample time='14:22 min' depth='18.02 m' />
  <sample time='14:24 min' depth='17.85 m' temp='7.2 C' />
  <sample time='14:26 min' depth='17.53 m' />
  <sample time='14:28 min' depth='16.79 m' />
  <sample time='14:30 min' depth='16.17 m' />
  <sample time='14:32 min' depth='16.25 m' />
  <sample time='14:34 min' depth='16.19 m' />
  <sample time='14:36 min' depth='16.04 m' temp='8.1 C' />
  <sample time='14:38 min' depth='16.03 m' />
  <sample time='14:40 min' depth='16.09 m' />
  <sample time='14:42 min' depth='15.92 m' />
  <sample time='14:44 min' depth='15.88 m' />
  <sample time='14:46 min' depth='15.7 m' />
  <sample time='14:48 min' depth='15.53 m' temp='8.7 C' />
  <sample time='14:50 min' depth='15.34 m' />
  <sample time='14:52 min' depth='14.74 m' />
  <sample time='14:54 min' depth='14.4 m' />
  <sample time='14:56 min' depth='14.68 m' />
  <sample time='14:58 min' depth='14.51 m' />
  <sample time='15:00 min' depth='14.37 m' temp='9.2 C' />
  <sample time='15:02 min' depth='14.36 m' />
  <sample time='15:04 min' depth='14.23 m' />
  <sample time='15:06 min' depth='14.14 m' />
  <sample time='15:08 min' depth='13.93 m' />
  <sample time='15:10 min' depth='13.66 m' />
  <sample time='15:12 min' depth='13.25 m' temp='9.5 C' />
  <sample time='15:14 min' depth='12.58 m' />
  <sample time='15:16 min' depth='12.79 m' />
  <sample time='15:18 min' depth='12.77 m' />
  <sample time='15:20 min' depth='12.73 m' />
  <sample time='15:22 min' depth='12.59 m' />
  <sample time='15:24 min' depth='12.46 m' temp='9.7 C' />
  <sample time='15:26 min' depth='12.29 m' />
  <sample time='15:28 min' depth='11.75 m' />
  <sample time='15:30 min' depth='11.47 m' />
  <sample time='15:32 min' depth='11.87 m' />
  <sample time='15:34 min' depth='11.87 m' />
  <sample time='15:36 min' depth='11.91 m' temp='9.8 C' />
  <sample time='15:38 min' depth='11.92 m' />
  <sample time='15:40 min' depth='11.91 m' />
  <sample time='15:42 min' depth='11.86 m' />
  <sample time='15:44 min' depth='11.82 m' />
  <sample time='15:46 min' depth='11.81 m' />
  <sample time='15:48 min' depth='11.81 m' />
  <sample time='15:50 min' depth='11.83 m' />
  <sample time='15:52 min' depth='11.83 m' />
  <sample time='15:54 min' depth='11.84 m' />
  <sample time='15:56 min' depth='11.85 m' />
  <sample time='15:58 min' depth='11.92 m' />
  <sample time='16:00 min' depth='11.97 m' />
  <sample time='16:02 min' depth='11.95 m' />
  <sample time='16:04 min' depth='11.94 m' />
  <sample time='16:06 min' depth='11.95 m' />
  <sample time='16:08 min' depth='11.97 m' />
  <sample time='16:10 min' depth='12.09 m' />
  <sample time='16:12 min' depth='12.18 m' />
  <sample time='16:14 min' depth='12.28 m' />
  <sample time='16:16 min' depth='12.34 m' />
  <sample time='16:18 min' depth='12.47 m' />
  <sample time='16:20 min' depth='12.55 m' />
  <sample time='16:22 min' depth='12.67 m' />
  <sample time='16:24 min' depth='12.83 m' />
  <sample time='16:26 min' depth='12.91 m' />
  <sample time='16:28 min' depth='13.0 m' />
  <sample time='16:30 min' depth='12.94 m' />
  <sample time='16:32 min' depth='12.86 m' />
  <sample time='16:34 min' depth='12.8 m' />
  <sample time='16:36 min' depth='12.68 m' />
  <sample time='16:38 min' depth='12.63 m' />
  <sample time='16:40 min' depth='12.72 m' />
  <sample time='16:42 min' depth='12.79 m' />
  <sample time='16:44 min' depth='12.85 m' />
  <sample time='16:46 min' depth='12.93 m' />
  <sample time='16:48 min' depth='13.0 m' />
  <sample time='16:50 min' depth='13.19 m' />
  <sample time='16:52 min' depth='13.34 m' />
  <sample time='16:54 min' depth='13.56 m' />
  <sample time='16:56 min' depth='13.76 m' />
  <sample time='16:58 min' depth='14.02 m' />
  <sample time='17:00 min' depth='14.14 m' />
  <sample time='17:02 min' depth='14.35 m' />
  <sample time='17:04 min' depth='14.43 m' />
  <sample time='17:06 min' depth='14.46 m' />
  <sample time='17:08 min' depth='14.46 m' />
  <sample time='17:10 min' depth='14.47 m' />
  <sample time='17:12 min' depth='14.62 m' />
  <sample time='17:14 min' depth='14.7 m' />
  <sample time='17:16 min' depth='14.81 m' />
  <sample time='17:18 min' depth='14.88 m' />
  <sample time='17:20 min' depth='14.98 m' />
  <sample time='17:22 min' depth='15.03 m' />
  <sample time='17:24 min' depth='14.97 m' />
  <sample time='17:26 min' depth='15.1 m' />
  <sample time='17:28 min' depth='15.1 m' />
  <sample time='17:30 min' depth='15.11 m' />
  <sample time='17:32 min' depth='15.08 m' />
  <sample time='17:34 min' depth='15.04 m' />
  <sample time='17:36 min' depth='15.06 m' />
  <sample time='17:38 min' depth='15.03 m' />
  <sample time='17:40 min' depth='15.08 m' />
  <sample time='17:42 min' depth='15.15 m' />
  <sample time='17:44 min' depth='15.22 m' />
  <sample time='17:46 min' depth='15.34 m' />
  <sample time='17:48 min' depth='15.47 m' />
  <sample time='17:50 min' depth='15.6 m' />
  <sample time='17:52 min' depth='15.77 m' />
  <sample time='17:54 min' depth='15.86 m' />
  <sample time='17:56 min' depth='15.87 m' />
  <sample time='17:58 min' depth='15.87 m' />
  <sample time='18:00 min' depth='15.8 m' />
  <sample time='18:02 min' depth='15.79 m' />
  <sample time='18:04 min' depth='15.84 m' />
  <sample time='18:06 min' depth='15.82 m' />
  <sample time='18:08 min' depth='15.86 m' />
  <sample time='18:10 min' depth='15.88 m' />
  <sample time='18:12 min' depth='15.94 m' temp='9.9 C' />
  <sample time='18:14 min' depth='15.93 m' />
  <sample time='18:16 min' depth='15.98 m' />
  <sample time='18:18 min' depth='16.0 m' />
  <sample time='18:20 min' depth='16.02 m' />
  <sample time='18:22 min' depth='16.07 m' />
  <sample time='18:24 min' depth='16.09 m' />
  <sample time='18:26 min' depth='16.2 m' />
  <sample time='18:28 min' depth='16.27 m' />
  <sample time='18:30 min' depth='16.4 m' />
  <sample time='18:32 min' depth='16.52 m' />
  <sample time='18:34 min' depth='16.58 m' />
  <sample time='18:36 min' depth='16.8 m' />
  <sample time='18:38 min' depth='16.93 m' />
  <sample time='18:40 min' depth='17.08 m' />
  <sample time='18:42 min' depth='17.09 m' />
  <sample time='18:44 min' depth='17.1 m' />
  <sample time='18:46 min' depth='17.11 m' />
  <sample time='18:48 min' depth='17.22 m' />
  <sample time='18:50 min' depth='17.41 m' />
  <sample time='18:52 min' depth='17.52 m' />
  <sample time='18:54 min' depth='17.57 m' />
  <sample time='18:56 min' depth='17.54 m' />
  <sample time='18:58 min' depth='17.51 m' />
  <sample time='19:00 min' depth='17.48 m' />
  <sample time='19:02 min' depth='17.47 m' />
  <sample time='19:04 min' depth='17.45 m' />
  <sample time='19:06 min' depth='17.52 m' />
  <sample time='19:08 min' depth='17.56 m' />
  <sample time='19:10 min' depth='17.64 m' />
  <sample time='19:12 min' depth='17.7 m' />
  <sample time='19:14 min' depth='17.8 m' />
  <sample time='19:16 min' depth='17.92 m' />
  <sample time='19:18 min' depth='17.99 m' />
  <sample time='19:20 min' depth='18.03 m' />
  <sample time='19:22 min' depth='18.07 m' />
  <sample time='19:24 min' depth='18.17 m' />
  <sample time='19:26 min' depth='18.22 m' />
  <sample time='19:28 min' depth='18.29 m' />
  <sample time='19:30 min' depth='18.43 m' />
  <sample time='19:32 min' depth='18.42 m' />
  <sample time='19:34 min' depth='18.42 m' />
  <sample time='19:36 min' depth='18.43 m' temp='9.8 C' />
  <sample time='19:38 min' depth='18.38 m' />
  <sample time='19:40 min' depth='18.4 m' />
  <sample time='19:42 min' depth='18.45 m' />
  <sample time='19:44 min' depth='18.55 m' />
  <sample time='19:46 min' depth='18.3 m' />
  <sample time='19:48 min' depth='18.47 m' temp='9.5 C' />
  <sample time='19:50 min' depth='18.82 m' />
  <sample time='19:52 min' depth='18.95 m' />
  <sample time='19:54 min' depth='19.03 m' />
  <sample time='19:56 min' depth='19.01 m' />
  <sample time='19:58 min' depth='18.93 m' />
  <sample time='20:00 min' depth='18.89 m' temp='9.1 C' />
  <sample time='20:02 min' depth='19.03 m' />
  <sample time='20:04 min' depth='19.07 m' />
  <sample time='20:06 min' depth='19.16 m' />
  <sample time='20:08 min' depth='19.25 m' />
  <sample time='20:10 min' depth='19.29 m' />
  <sample time='20:12 min' depth='19.29 m' temp='8.7 C' />
  <sample time='20:14 min' depth='19.28 m' />
  <sample time='20:16 min' depth='19.31 m' />
  <sample time='20:18 min' depth='19.45 m' />
  <sample time='20:20 min' depth='19.55 m' />
  <sample time='20:22 min' depth='19.63 m' />
  <sample time='20:24 min' depth='19.67 m' temp='8.4 C' />
  <sample time='20:26 min' depth='19.72 m' />
  <sample time='20:28 min' depth='19.75 m' />
  <sample time='20:30 min' depth='19.81 m' />
  <sample time='20:32 min' depth='19.86 m' />
  <sample time='20:34 min' depth='19.91 m' />
  <sample time='20:36 min' depth='19.97 m' temp='8.1 C' />
  <sample time='20:38 min' depth='20.03 m' />
  <sample time='20:40 min' depth='20.08 m' />
  <sample time='20:42 min' depth='20.16 m' />
  <sample time='20:44 min' depth='20.27 m' />
  <sample time='20:46 min' depth='20.39 m' />
  <sample time='20:48 min' depth='20.53 m' temp='7.9 C' />
  <sample time='20:50 min' depth='20.65 m' />
  <sample time='20:52 min' depth='20.66 m' />
  <sample time='20:54 min' depth='20.68 m' />
  <sample time='20:56 min' depth='20.6 m' />
  <sample time='20:58 min' depth='20.62 m' />
  <sample time='21:00 min' depth='20.63 m' temp='7.6 C' />
  <sample time='21:02 min' depth='20.66 m' />
  <sample time='21:04 min' depth='20.76 m' />
  <sample time='21:06 min' depth='20.81 m' />
  <sample time='21:08 min' depth='20.86 m' />
  <sample time='21:10 min' depth='20.95 m' />
  <sample time='21:12 min' depth='21.0 m' temp='7.4 C' />
  <sample time='21:14 min' depth='21.06 m' />
  <sample time='21:16 min' depth='21.13 m' />
  <sample time='21:18 min' depth='21.19 m' />
  <sample time='21:20 min' depth='21.26 m' />
  <sample time='21:22 min' depth='21.4 m' />
  <sample time='21:24 min' depth='21.49 m' temp='7.3 C' />
  <sample time='21:26 min' depth='21.64 m' />
  <sample time='21:28 min' depth='21.66 m' />
  <sample time='21:30 min' depth='21.64 m' />
  <sample time='21:32 min' depth='21.62 m' />
  <sample time='21:34 min' depth='21.59 m' />
  <sample time='21:36 min' depth='21.6 m' temp='7.1 C' />
  <sample time='21:38 min' depth='21.64 m' />
  <sample time='21:40 min' depth='21.7 m' />
  <sample time='21:42 min' depth='21.77 m' />
  <sample time='21:44 min' depth='21.74 m' />
  <sample time='21:46 min' depth='21.79 m' />
  <sample time='21:48 min' depth='21.81 m' temp='7.0 C' />
  <sample time='21:50 min' depth='21.86 m' />
  <sample time='21:52 min' depth='21.92 m' />
  <sample time='21:54 min' depth='21.98 m' />
  <sample time='21:56 min' depth='21.95 m' />
  <sample time='21:58 min' depth='21.87 m' />
  <sample time='22:00 min' depth='21.75 m' temp='6.8 C' />
  <sample time='22:02 min' depth='21.67 m' />
  <sample time='22:04 min' depth='21.61 m' />
  <sample time='22:06 min' depth='21.52 m' />
  <sample time='22:08 min' depth='21.49 m' />
  <sample time='22:10 min' depth='21.46 m' />
  <sample time='22:12 min' depth='21.45 m' temp='6.7 C' />
  <sample time='22:14 min' depth='21.39 m' />
  <sample time='22:16 min' depth='21.35 m' />
  <sample time='22:18 min' depth='21.22 m' />
  <sample time='22:20 min' depth='21.14 m' />
  <sample time='22:22 min' depth='21.04 m' />
  <sample time='22:24 min' depth='20.96 m' />
  <sample time='22:26 min' depth='20.95 m' />
  <sample time='22:28 min' depth='20.93 m' />
  <sample time='22:30 min' depth='20.95 m' />
  <sample time='22:32 min' depth='20.99 m' />
  <sample time='22:34 min' depth='20.88 m' />
  <sample time='22:36 min' depth='20.84 m' temp='6.8 C' />
  <sample time='22:38 min' depth='20.77 m' />
  <sample time='22:40 min' depth='20.56 m' />
  <sample time='22:42 min' depth='20.37 m' />
  <sample time='22:44 min' depth='20.7 m' />
  <sample time='22:46 min' depth='20.7 m' />
  <sample time='22:48 min' depth='20.77 m' />
  <sample time='22:50 min' depth='20.83 m' />
  <sample time='22:52 min' depth='20.97 m' />
  <sample time='22:54 min' depth='21.19 m' />
  <sample time='22:56 min' depth='21.27 m' />
  <sample time='22:58 min' depth='21.47 m' />
  <sample time='23:00 min' depth='21.6 m' temp='6.9 C' />
  <sample time='23:02 min' depth='21.71 m' />
  <sample time='23:04 min' depth='21.83 m' />
  <sample time='23:06 min' depth='21.93 m' />
  <sample time='23:08 min' depth='22.02 m' />
  <sample time='23:10 min' depth='22.12 m' />
  <sample time='23:12 min' depth='22.34 m' />
  <sample time='23:14 min' depth='22.37 m' />
  <sample time='23:16 min' depth='22.5 m' />
  <sample time='23:18 min' depth='22.54 m' />
  <sample time='23:20 min' depth='22.52 m' />
  <sample time='23:22 min' depth='22.46 m' />
  <sample time='23:24 min' depth='22.34 m' temp='6.7 C' />
  <sample time='23:26 min' depth='22.27 m' />
  <sample time='23:28 min' depth='22.2 m' />
  <sample time='23:30 min' depth='22.21 m' />
  <sample time='23:32 min' depth='22.2 m' />
  <sample time='23:34 min' depth='22.16 m' />
  <sample time='23:36 min' depth='22.1 m' temp='6.6 C' />
  <sample time='23:38 min' depth='21.95 m' />
  <sample time='23:40 min' depth='21.86 m' />
  <sample time='23:42 min' depth='21.7 m' />
  <sample time='23:44 min' depth='21.58 m' />
  <sample time='23:46 min' depth='21.48 m' />
  <sample time='23:48 min' depth='21.38 m' />
  <sample time='23:50 min' depth='20.97 m' />
  <sample time='23:52 min' depth='20.68 m' />
  <sample time='23:54 min' depth='20.76 m' />
  <sample time='23:56 min' depth='20.6 m' />
  <sample time='23:58 min' depth='20.54 m' />
  <sample time='24:00 min' depth='20.2 m' />
  <sample time='24:02 min' depth='19.93 m' />
  <sample time='24:04 min' depth='19.98 m' />
  <sample time='24:06 min' depth='20.1 m' />
  <sample time='24:08 min' depth='20.17 m' />
  <sample time='24:10 min' depth='20.25 m' />
  <sample time='24:12 min' depth='20.31 m' temp='6.8 C' />
  <sample time='24:14 min' depth='20.3 m' />
  <sample time='24:16 min' depth='20.36 m' />
  <sample time='24:18 min' depth='20.34 m' />
  <sample time='24:20 min' depth='20.32 m' />
  <sample time='24:22 min' depth='20.35 m' />
  <sample time='24:24 min' depth='20.36 m' temp='7.0 C' />
  <sample time='24:26 min' depth='20.47 m' />
  <sample time='24:28 min' depth='20.55 m' />
  <sample time='24:30 min' depth='20.64 m' />
  <sample time='24:32 min' depth='20.68 m' />
  <sample time='24:34 min' depth='20.71 m' />
  <sample time='24:36 min' depth='20.78 m' />
  <sample time='24:38 min' depth='20.83 m' />
  <sample time='24:40 min' depth='20.77 m' />
  <sample time='24:42 min' depth='20.87 m' />
  <sample time='24:44 min' depth='21.02 m' />
  <sample time='24:46 min' depth='21.02 m' />
  <sample time='24:48 min' depth='21.09 m' />
  <sample time='24:50 min' depth='21.16 m' />
  <sample time='24:52 min' depth='21.38 m' />
  <sample time='24:54 min' depth='21.41 m' />
  <sample time='24:56 min' depth='21.43 m' />
  <sample time='24:58 min' depth='21.49 m' />
  <sample time='25:00 min' depth='21.6 m' />
  <sample time='25:02 min' depth='21.72 m' />
  <sample time='25:04 min' depth='21.75 m' />
  <sample time='25:06 min' depth='21.78 m' />
  <sample time='25:08 min' depth='21.87 m' />
  <sample time='25:10 min' depth='21.85 m' />
  <sample time='25:12 min' depth='21.77 m' temp='6.9 C' />
  <sample time='25:14 min' depth='21.54 m' />
  <sample time='25:16 min' depth='21.21 m' />
  <sample time='25:18 min' depth='20.7 m' />
  <sample time='25:20 min' depth='20.89 m' />
  <sample time='25:22 min' depth='20.85 m' />
  <sample time='25:24 min' depth='21.02 m' temp='6.8 C' />
  <sample time='25:26 min' depth='20.96 m' />
  <sample time='25:28 min' depth='20.98 m' />
  <sample time='25:30 min' depth='20.95 m' />
  <sample time='25:32 min' depth='20.98 m' />
  <sample time='25:34 min' depth='21.15 m' />
  <sample time='25:36 min' depth='21.35 m' />
  <sample time='25:38 min' depth='21.57 m' />
  <sample time='25:40 min' depth='21.85 m' />
  <sample time='25:42 min' depth='22.17 m' />
  <sample time='25:44 min' depth='22.51 m' />
  <sample time='25:46 min' depth='22.81 m' />
  <sample time='25:48 min' depth='23.03 m' />
  <sample time='25:50 min' depth='23.2 m' />
  <sample time='25:52 min' depth='23.4 m' />
  <sample time='25:54 min' depth='23.54 m' />
  <sample time='25:56 min' depth='23.79 m' />
  <sample time='25:58 min' depth='24.0 m' />
  <sample time='26:00 min' depth='24.29 m' temp='6.6 C' />
  <sample time='26:02 min' depth='24.61 m' />
  <sample time='26:04 min' depth='25.01 m' />
  <sample time='26:06 min' depth='25.41 m' />
  <sample time='26:08 min' depth='25.72 m' />
  <sample time='26:10 min' depth='26.03 m' />
  <sample time='26:12 min' depth='26.36 m' temp='6.4 C' />
  <sample time='26:14 min' depth='26.67 m' />
  <sample time='26:16 min' depth='26.87 m' />
  <sample time='26:18 min' depth='26.97 m' />
  <sample time='26:20 min' depth='27.03 m' />
  <sample time='26:22 min' depth='27.12 m' />
  <sample time='26:24 min' depth='27.2 m' temp='6.1 C' />
  <sample time='26:26 min' depth='27.37 m' />
  <sample time='26:28 min' depth='27.52 m' />
  <sample time='26:30 min' depth='27.63 m' />
  <sample time='26:32 min' depth='27.72 m' />
  <sample time='26:34 min' depth='27.82 m' />
  <sample time='26:36 min' depth='27.91 m' temp='5.8 C' />
  <sample time='26:38 min' depth='28.09 m' />
  <sample time='26:40 min' depth='28.4 m' />
  <sample time='26:42 min' depth='28.55 m' />
  <sample time='26:44 min' depth='28.83 m' />
  <sample time='26:46 min' depth='28.99 m' />
  <sample time='26:48 min' depth='28.97 m' temp='5.5 C' />
  <sample time='26:50 min' depth='29.01 m' />
  <sample time='26:52 min' depth='28.96 m' />
  <sample time='26:54 min' depth='28.82 m' />
  <sample time='26:56 min' depth='28.71 m' />
  <sample time='26:58 min' depth='28.82 m' />
  <sample time='27:00 min' depth='28.42 m' temp='5.2 C' />
  <sample time='27:02 min' depth='28.33 m' />
  <sample time='27:04 min' depth='28.27 m' />
  <sample time='27:06 min' depth='28.15 m' />
  <sample time='27:08 min' depth='28.06 m' />
  <sample time='27:10 min' depth='28.08 m' />
  <sample time='27:12 min' depth='27.97 m' temp='5.0 C' />
  <sample time='27:14 min' depth='27.95 m' />
  <sample time='27:16 min' depth='27.94 m' />
  <sample time='27:18 min' depth='27.91 m' />
  <sample time='27:20 min' depth='27.89 m' />
  <sample time='27:22 min' depth='27.88 m' />
  <sample time='27:24 min' depth='27.75 m' temp='4.9 C' />
  <sample time='27:26 min' depth='27.6 m' />
  <sample time='27:28 min' depth='27.49 m' />
  <sample time='27:30 min' depth='27.43 m' />
  <sample time='27:32 min' depth='27.45 m' />
  <sample time='27:34 min' depth='27.43 m' />
  <sample time='27:36 min' depth='27.23 m' temp='4.8 C' />
  <sample time='27:38 min' depth='27.08 m' />
  <sample time='27:40 min' depth='27.35 m' />
  <sample time='27:42 min' depth='27.38 m' />
  <sample time='27:44 min' depth='27.41 m' />
  <sample time='27:46 min' depth='27.5 m' />
  <sample time='27:48 min' depth='27.62 m' />
  <sample time='27:50 min' depth='27.67 m' />
  <sample time='27:52 min' depth='27.77 m' />
  <sample time='27:54 min' depth='27.79 m' />
  <sample time='27:56 min' depth='27.78 m' />
  <sample time='27:58 min' depth='27.76 m' />
  <sample time='28:00 min' depth='27.81 m' />
  <sample time='28:02 min' depth='27.84 m' />
  <sample time='28:04 min' depth='27.87 m' />
  <sample time='28:06 min' depth='27.87 m' />
  <sample time='28:08 min' depth='27.8 m' />
  <sample time='28:10 min' depth='27.41 m' />
  <sample time='28:12 min' depth='27.18 m' />
  <sample time='28:14 min' depth='27.43 m' />
  <sample time='28:16 min' depth='27.51 m' />
  <sample time='28:18 min' depth='27.65 m' />
  <sample time='28:20 min' depth='27.73 m' />
  <sample time='28:22 min' depth='27.82 m' />
  <sample time='28:24 min' depth='27.93 m' temp='4.9 C' />
  <sample time='28:26 min' depth='28.02 m' />
  <sample time='28:28 min' depth='28.02 m' />
  <sample time='28:30 min' depth='27.98 m' />
  <sample time='28:32 min' depth='27.92 m' />
  <sample time='28:34 min' depth='27.96 m' />
  <sample time='28:36 min' depth='28.02 m' temp='4.8 C' />
  <sample time='28:38 min' depth='28.0 m' />
  <sample time='28:40 min' depth='27.83 m' />
  <sample time='28:42 min' depth='27.83 m' />
  <sample time='28:44 min' depth='27.89 m' />
  <sample time='28:46 min' depth='28.0 m' />
  <sample time='28:48 min' depth='28.01 m' />
  <sample time='28:50 min' depth='28.01 m' />
  <sample time='28:52 min' depth='27.99 m' />
  <sample time='28:54 min' depth='27.95 m' />
  <sample time='28:56 min' depth='27.93 m' />
  <sample time='28:58 min' depth='27.92 m' />
  <sample time='29:00 min' depth='27.91 m' temp='4.7 C' />
  <sample time='29:02 min' depth='27.99 m' />
  <sample time='29:04 min' depth='28.02 m' />
  <sample time='29:06 min' depth='28.07 m' />
  <sample time='29:08 min' depth='28.06 m' />
  <sample time='29:10 min' depth='28.03 m' />
  <sample time='29:12 min' depth='28.09 m' />
  <sample time='29:14 min' depth='28.14 m' />
  <sample time='29:16 min' depth='28.26 m' />
  <sample time='29:18 min' depth='28.38 m' />
  <sample time='29:20 min' depth='28.54 m' />
  <sample time='29:22 min' depth='28.69 m' />
  <sample time='29:24 min' depth='28.82 m' />
  <sample time='29:26 min' depth='29.06 m' />
  <sample time='29:28 min' depth='29.16 m' />
  <sample time='29:30 min' depth='29.25 m' />
  <sample time='29:32 min' depth='29.43 m' />
  <sample time='29:34 min' depth='29.66 m' />
  <sample time='29:36 min' depth='29.89 m' />
  <sample time='29:38 min' depth='29.98 m' />
  <sample time='29:40 min' depth='29.95 m' />
  <sample time='29:42 min' depth='29.91 m' />
  <sample time='29:44 min' depth='29.99 m' />
  <sample time='29:46 min' depth='30.03 m' />
  <sample time='29:48 min' depth='30.18 m' />
  <sample time='29:50 min' depth='30.37 m' />
  <sample time='29:52 min' depth='30.56 m' />
  <sample time='29:54 min' depth='30.73 m' />
  <sample time='29:56 min' depth='30.78 m' />
  <sample time='29:58 min' depth='30.78 m' />
  <sample time='30:00 min' depth='30.81 m' temp='4.6 C' />
  <sample time='30:02 min' depth='30.84 m' />
  <sample time='30:04 min' depth='30.93 m' />
  <sample time='30:06 min' depth='31.02 m' />
  <sample time='30:08 min' depth='31.13 m' />
  <sample time='30:10 min' depth='31.34 m' />
  <sample time='30:12 min' depth='31.56 m' />
  <sample time='30:14 min' depth='31.83 m' />
  <sample time='30:16 min' depth='32.03 m' />
  <sample time='30:18 min' depth='32.19 m' />
  <sample time='30:20 min' depth='32.33 m' />
  <sample time='30:22 min' depth='32.49 m' />
  <sample time='30:24 min' depth='32.69 m' temp='4.5 C' />
  <sample time='30:26 min' depth='32.94 m' />
  <sample time='30:28 min' depth='33.12 m' />
  <sample time='30:30 min' depth='33.22 m' />
  <sample time='30:32 min' depth='33.28 m' />
  <sample time='30:34 min' depth='33.34 m' />
  <sample time='30:36 min' depth='33.48 m' />
  <sample time='30:38 min' depth='33.65 m' />
  <sample time='30:40 min' depth='33.88 m' />
  <sample time='30:42 min' depth='34.17 m' />
  <sample time='30:44 min' depth='34.38 m' />
  <sample time='30:46 min' depth='34.45 m' />
  <sample time='30:48 min' depth='34.55 m' />
  <sample time='30:50 min' depth='34.62 m' />
  <sample time='30:52 min' depth='34.75 m' />
  <sample time='30:54 min' depth='35.06 m' />
  <sample time='30:56 min' depth='35.17 m' />
  <sample time='30:58 min' depth='35.33 m' />
  <sample time='31:00 min' depth='35.45 m' />
  <sample time='31:02 min' depth='35.58 m' />
  <sample time='31:04 min' depth='35.74 m' />
  <sample time='31:06 min' depth='35.95 m' />
  <sample time='31:08 min' depth='36.17 m' />
  <sample time='31:10 min' depth='36.5 m' />
  <sample time='31:12 min' depth='36.74 m' temp='4.4 C' />
  <sample time='31:14 min' depth='36.91 m' />
  <sample time='31:16 min' depth='37.13 m' />
  <sample time='31:18 min' depth='37.42 m' />
  <sample time='31:20 min' depth='37.52 m' />
  <sample time='31:22 min' depth='37.6 m' />
  <sample time='31:24 min' depth='37.69 m' />
  <sample time='31:26 min' depth='37.81 m' />
  <sample time='31:28 min' depth='37.9 m' />
  <sample time='31:30 min' depth='38.05 m' />
  <sample time='31:32 min' depth='38.16 m' />
  <sample time='31:34 min' depth='38.42 m' />
  <sample time='31:36 min' depth='38.47 m' />
  <sample time='31:38 min' depth='38.53 m' />
  <sample time='31:40 min' depth='38.59 m' />
  <sample time='31:42 min' depth='38.65 m' />
  <sample time='31:44 min' depth='38.67 m' />
  <sample time='31:46 min' depth='38.67 m' />
  <sample time='31:48 min' depth='38.69 m' temp='4.3 C' />
  <sample time='31:50 min' depth='38.75 m' />
  <sample time='31:52 min' depth='38.75 m' />
  <sample time='31:54 min' depth='38.76 m' />
  <sample time='31:56 min' depth='38.77 m' />
  <sample time='31:58 min' depth='38.8 m' />
  <sample time='32:00 min' depth='38.76 m' />
  <sample time='32:02 min' depth='38.79 m' />
  <sample time='32:04 min' depth='38.76 m' />
  <sample time='32:06 min' depth='38.71 m' />
  <sample time='32:08 min' depth='38.71 m' />
  <sample time='32:10 min' depth='38.71 m' />
  <sample time='32:12 min' depth='38.73 m' />
  <sample time='32:14 min' depth='38.77 m' />
  <sample time='32:16 min' depth='38.86 m' />
  <sample time='32:18 min' depth='38.88 m' />
  <sample time='32:20 min' depth='38.89 m' />
  <sample time='32:22 min' depth='38.92 m' />
  <sample time='32:24 min' depth='38.97 m' />
  <sample time='32:26 min' depth='38.97 m' />
  <sample time='32:28 min' depth='38.9 m' />
  <sample time='32:30 min' depth='38.42 m' />
  <sample time='32:32 min' depth='38.61 m' />
  <sample time='32:34 min' depth='38.78 m' />
  <sample time='32:36 min' depth='38.75 m' />
  <sample time='32:38 min' depth='38.73 m' />
  <sample time='32:40 min' depth='38.74 m' />
  <sample time='32:42 min' depth='38.76 m' />
  <sample time='32:44 min' depth='38.78 m' />
  <sample time='32:46 min' depth='38.68 m' />
  <sample time='32:48 min' depth='38.79 m' />
  <sample time='32:50 min' depth='38.7 m' />
  <sample time='32:52 min' depth='38.6 m' />
  <sample time='32:54 min' depth='38.49 m' />
  <sample time='32:56 min' depth='38.34 m' />
  <sample time='32:58 min' depth='38.18 m' />
  <sample time='33:00 min' depth='38.08 m' />
  <sample time='33:02 min' depth='37.98 m' />
  <sample time='33:04 min' depth='37.97 m' />
  <sample time='33:06 min' depth='38.06 m' />
  <sample time='33:08 min' depth='38.11 m' />
  <sample time='33:10 min' depth='38.1 m' />
  <sample time='33:12 min' depth='38.14 m' />
  <sample time='33:14 min' depth='38.12 m' />
  <sample time='33:16 min' depth='38.05 m' />
  <sample time='33:18 min' depth='38.01 m' />
  <sample time='33:20 min' depth='37.89 m' />
  <sample time='33:22 min' depth='37.85 m' />
  <sample time='33:24 min' depth='37.81 m' />
  <sample time='33:26 min' depth='37.64 m' />
  <sample time='33:28 min' depth='37.55 m' />
  <sample time='33:30 min' depth='37.44 m' />
  <sample time='33:32 min' depth='37.24 m' />
  <sample time='33:34 min' depth='37.17 m' />
  <sample time='33:36 min' depth='37.08 m' />
  <sample time='33:38 min' depth='36.86 m' />
  <sample time='33:40 min' depth='36.36 m' />
  <sample time='33:42 min' depth='36.03 m' />
  <sample time='33:44 min' depth='36.29 m' />
  <sample time='33:46 min' depth='36.12 m' />
  <sample time='33:48 min' depth='36.1 m' />
  <sample time='33:50 min' depth='35.85 m' />
  <sample time='33:52 min' depth='35.67 m' />
  <sample time='33:54 min' depth='35.32 m' />
  <sample time='33:56 min' depth='34.87 m' />
  <sample time='33:58 min' depth='34.65 m' />
  <sample time='34:00 min' depth='35.02 m' temp='4.4 C' />
  <sample time='34:02 min' depth='34.91 m' />
  <sample time='34:04 min' depth='34.72 m' />
  <sample time='34:06 min' depth='34.59 m' />
  <sample time='34:08 min' depth='34.34 m' />
  <sample time='34:10 min' depth='34.03 m' />
  <sample time='34:12 min' depth='33.7 m' />
  <sample time='34:14 min' depth='33.31 m' />
  <sample time='34:16 min' depth='32.58 m' />
  <sample time='34:18 min' depth='32.08 m' />
  <sample time='34:20 min' depth='32.11 m' />
  <sample time='34:22 min' depth='32.03 m' />
  <sample time='34:24 min' depth='31.77 m' />
  <sample time='34:26 min' depth='31.53 m' />
  <sample time='34:28 min' depth='31.33 m' />
  <sample time='34:30 min' depth='31.15 m' />
  <sample time='34:32 min' depth='31.01 m' />
  <sample time='34:34 min' depth='30.82 m' />
  <sample time='34:36 min' depth='30.62 m' />
  <sample time='34:38 min' depth='30.44 m' />
  <sample time='34:40 min' depth='30.1 m' />
  <sample time='34:42 min' depth='29.45 m' />
  <sample time='34:44 min' depth='29.56 m' />
  <sample time='34:46 min' depth='29.54 m' />
  <sample time='34:48 min' depth='29.45 m' temp='4.5 C' />
  <sample time='34:50 min' depth='29.27 m' />
  <sample time='34:52 min' depth='29.05 m' />
  <sample time='34:54 min' depth='28.8 m' />
  <sample time='34:56 min' depth='28.57 m' />
  <sample time='34:58 min' depth='28.37 m' />
  <sample time='35:00 min' depth='28.26 m' />
  <sample time='35:02 min' depth='28.15 m' />
  <sample time='35:04 min' depth='27.73 m' />
  <sample time='35:06 min' depth='27.52 m' />
  <sample time='35:08 min' depth='27.84 m' />
  <sample time='35:10 min' depth='27.76 m' />
  <sample time='35:12 min' depth='27.79 m' temp='4.6 C' />
  <sample time='35:14 min' depth='27.76 m' />
  <sample time='35:16 min' depth='27.67 m' />
  <sample time='35:18 min' depth='27.55 m' />
  <sample time='35:20 min' depth='27.5 m' />
  <sample time='35:22 min' depth='27.42 m' />
  <sample time='35:24 min' depth='27.37 m' temp='4.7 C' />
  <sample time='35:26 min' depth='27.23 m' />
  <sample time='35:28 min' depth='27.17 m' />
  <sample time='35:30 min' depth='26.98 m' />
  <sample time='35:32 min' depth='26.83 m' />
  <sample time='35:34 min' depth='26.75 m' />
  <sample time='35:36 min' depth='26.17 m' temp='4.8 C' />
  <sample time='35:38 min' depth='25.95 m' />
  <sample time='35:40 min' depth='26.02 m' />
  <sample time='35:42 min' depth='26.02 m' />
  <sample time='35:44 min' depth='26.01 m' />
  <sample time='35:46 min' depth='26.23 m' />
  <sample time='35:48 min' depth='26.18 m' temp='4.9 C' />
  <sample time='35:50 min' depth='26.23 m' />
  <sample time='35:52 min' depth='26.17 m' />
  <sample time='35:54 min' depth='26.11 m' />
  <sample time='35:56 min' depth='26.08 m' />
  <sample time='35:58 min' depth='26.03 m' />
  <sample time='36:00 min' depth='26.04 m' temp='5.0 C' />
  <sample time='36:02 min' depth='26.03 m' />
  <sample time='36:04 min' depth='25.89 m' />
  <sample time='36:06 min' depth='25.86 m' />
  <sample time='36:08 min' depth='25.84 m' />
  <sample time='36:10 min' depth='25.36 m' />
  <sample time='36:12 min' depth='25.26 m' temp='5.1 C' />
  <sample time='36:14 min' depth='25.33 m' />
  <sample time='36:16 min' depth='25.69 m' />
  <sample time='36:18 min' depth='25.75 m' />
  <sample time='36:20 min' depth='25.81 m' />
  <sample time='36:22 min' depth='25.81 m' />
  <sample time='36:24 min' depth='25.86 m' />
  <sample time='36:26 min' depth='25.91 m' />
  <sample time='36:28 min' depth='25.8 m' />
  <sample time='36:30 min' depth='25.83 m' />
  <sample time='36:32 min' depth='25.78 m' />
  <sample time='36:34 min' depth='25.85 m' />
  <sample time='36:36 min' depth='25.88 m' />
  <sample time='36:38 min' depth='25.95 m' />
  <sample time='36:40 min' depth='26.01 m' />
  <sample time='36:42 min' depth='25.99 m' />
  <sample time='36:44 min' depth='26.0 m' />
  <sample time='36:46 min' depth='26.04 m' />
  <sample time='36:48 min' depth='26.03 m' temp='5.2 C' />
  <sample time='36:50 min' depth='26.06 m' />
  <sample time='36:52 min' depth='26.15 m' />
  <sample time='36:54 min' depth='26.16 m' />
  <sample time='36:56 min' depth='26.18 m' />
  <sample time='36:58 min' depth='26.2 m' />
  <sample time='37:00 min' depth='26.2 m' />
  <sample time='37:02 min' depth='26.26 m' />
  <sample time='37:04 min' depth='26.32 m' />
  <sample time='37:06 min' depth='26.43 m' />
  <sample time='37:08 min' depth='26.46 m' />
  <sample time='37:10 min' depth='26.51 m' />
  <sample time='37:12 min' depth='26.57 m' />
  <sample time='37:14 min' depth='26.65 m' />
  <sample time='37:16 min' depth='26.7 m' />
  <sample time='37:18 min' depth='26.72 m' />
  <sample time='37:20 min' depth='26.75 m' />
  <sample time='37:22 min' depth='26.74 m' />
  <sample time='37:24 min' depth='26.76 m' />
  <sample time='37:26 min' depth='26.76 m' />
  <sample time='37:28 min' depth='26.81 m' />
  <sample time='37:30 min' depth='26.85 m' />
  <sample time='37:32 min' depth='26.91 m' />
  <sample time='37:34 min' depth='27.02 m' />
  <sample time='37:36 min' depth='27.06 m' />
  <sample time='37:38 min' depth='27.11 m' />
  <sample time='37:40 min' depth='27.15 m' />
  <sample time='37:42 min' depth='27.15 m' />
  <sample time='37:44 min' depth='27.22 m' />
  <sample time='37:46 min' depth='27.21 m' />
  <sample time='37:48 min' depth='27.2 m' temp='5.1 C' />
  <sample time='37:50 min' depth='27.15 m' />
  <sample time='37:52 min' depth='27.1 m' />
  <sample time='37:54 min' depth='26.98 m' />
  <sample time='37:56 min' depth='26.87 m' />
  <sample time='37:58 min' depth='26.77 m' />
  <sample time='38:00 min' depth='26.72 m' />
  <sample time='38:02 min' depth='26.64 m' />
  <sample time='38:04 min' depth='26.59 m' />
  <sample time='38:06 min' depth='26.52 m' />
  <sample time='38:08 min' depth='26.42 m' />
  <sample time='38:10 min' depth='26.33 m' />
  <sample time='38:12 min' depth='26.22 m' />
  <sample time='38:14 min' depth='26.15 m' />
  <sample time='38:16 min' depth='25.9 m' />
  <sample time='38:18 min' depth='25.8 m' />
  <sample time='38:20 min' depth='25.71 m' />
  <sample time='38:22 min' depth='25.73 m' />
  <sample time='38:24 min' depth='25.71 m' />
  <sample time='38:26 min' depth='25.71 m' />
  <sample time='38:28 min' depth='25.6 m' />
  <sample time='38:30 min' depth='25.53 m' />
  <sample time='38:32 min' depth='25.45 m' />
  <sample time='38:34 min' depth='25.34 m' />
  <sample time='38:36 min' depth='25.32 m' temp='5.2 C' />
  <sample time='38:38 min' depth='25.33 m' />
  <sample time='38:40 min' depth='25.31 m' />
  <sample time='38:42 min' depth='25.26 m' />
  <sample time='38:44 min' depth='25.22 m' />
  <sample time='38:46 min' depth='25.28 m' />
  <sample time='38:48 min' depth='25.35 m' temp='5.3 C' />
  <sample time='38:50 min' depth='25.41 m' />
  <sample time='38:52 min' depth='25.42 m' />
  <sample time='38:54 min' depth='25.38 m' />
  <sample time='38:56 min' depth='25.34 m' />
  <sample time='38:58 min' depth='25.25 m' />
  <sample time='39:00 min' depth='25.24 m' temp='5.4 C' />
  <sample time='39:02 min' depth='25.32 m' />
  <sample time='39:04 min' depth='25.31 m' />
  <sample time='39:06 min' depth='25.3 m' />
  <sample time='39:08 min' depth='25.32 m' />
  <sample time='39:10 min' depth='25.39 m' />
  <sample time='39:12 min' depth='25.4 m' />
  <sample time='39:14 min' depth='25.42 m' />
  <sample time='39:16 min' depth='25.48 m' />
  <sample time='39:18 min' depth='25.52 m' />
  <sample time='39:20 min' depth='25.6 m' />
  <sample time='39:22 min' depth='25.79 m' />
  <sample time='39:24 min' depth='25.86 m' />
  <sample time='39:26 min' depth='25.91 m' />
  <sample time='39:28 min' depth='26.06 m' />
  <sample time='39:30 min' depth='26.11 m' />
  <sample time='39:32 min' depth='26.2 m' />
  <sample time='39:34 min' depth='26.26 m' />
  <sample time='39:36 min' depth='26.27 m' />
  <sample time='39:38 min' depth='26.37 m' />
  <sample time='39:40 min' depth='26.59 m' />
  <sample time='39:42 min' depth='26.63 m' />
  <sample time='39:44 min' depth='26.6 m' />
  <sample time='39:46 min' depth='26.56 m' />
  <sample time='39:48 min' depth='26.45 m' />
  <sample time='39:50 min' depth='26.63 m' />
  <sample time='39:52 min' depth='26.46 m' />
  <sample time='39:54 min' depth='26.54 m' />
  <sample time='39:56 min' depth='26.29 m' />
  <sample time='39:58 min' depth='26.37 m' />
  <sample time='40:00 min' depth='26.36 m' temp='5.3 C' />
  <sample time='40:02 min' depth='26.21 m' />
  <sample time='40:04 min' depth='26.16 m' />
  <sample time='40:06 min' depth='26.06 m' />
  <sample time='40:08 min' depth='26.0 m' />
  <sample time='40:10 min' depth='26.01 m' />
  <sample time='40:12 min' depth='25.97 m' />
  <sample time='40:14 min' depth='25.93 m' />
  <sample time='40:16 min' depth='25.86 m' />
  <sample time='40:18 min' depth='25.78 m' />
  <sample time='40:20 min' depth='25.65 m' />
  <sample time='40:22 min' depth='25.53 m' />
  <sample time='40:24 min' depth='25.47 m' />
  <sample time='40:26 min' depth='25.33 m' />
  <sample time='40:28 min' depth='25.18 m' />
  <sample time='40:30 min' depth='25.03 m' />
  <sample time='40:32 min' depth='24.89 m' />
  <sample time='40:34 min' depth='24.74 m' />
  <sample time='40:36 min' depth='24.66 m' />
  <sample time='40:38 min' depth='24.55 m' />
  <sample time='40:40 min' depth='24.44 m' />
  <sample time='40:42 min' depth='24.4 m' />
  <sample time='40:44 min' depth='24.33 m' />
  <sample time='40:46 min' depth='24.27 m' />
  <sample time='40:48 min' depth='24.22 m' temp='5.4 C' />
  <sample time='40:50 min' depth='24.23 m' />
  <sample time='40:52 min' depth='24.23 m' />
  <sample time='40:54 min' depth='23.78 m' />
  <sample time='40:56 min' depth='23.72 m' />
  <sample time='40:58 min' depth='24.08 m' />
  <sample time='41:00 min' depth='24.1 m' temp='5.6 C' />
  <sample time='41:02 min' depth='24.14 m' />
  <sample time='41:04 min' depth='24.21 m' />
  <sample time='41:06 min' depth='24.18 m' />
  <sample time='41:08 min' depth='24.22 m' />
  <sample time='41:10 min' depth='24.11 m' />
  <sample time='41:12 min' depth='23.59 m' temp='5.7 C' />
  <sample time='41:14 min' depth='23.34 m' />
  <sample time='41:16 min' depth='23.74 m' />
  <sample time='41:18 min' depth='23.72 m' />
  <sample time='41:20 min' depth='23.72 m' />
  <sample time='41:22 min' depth='23.72 m' />
  <sample time='41:24 min' depth='23.71 m' temp='5.8 C' />
  <sample time='41:26 min' depth='23.72 m' />
  <sample time='41:28 min' depth='23.76 m' />
  <sample time='41:30 min' depth='23.82 m' />
  <sample time='41:32 min' depth='23.86 m' />
  <sample time='41:34 min' depth='23.85 m' />
  <sample time='41:36 min' depth='23.87 m' temp='5.9 C' />
  <sample time='41:38 min' depth='23.86 m' />
  <sample time='41:40 min' depth='23.93 m' />
  <sample time='41:42 min' depth='24.06 m' />
  <sample time='41:44 min' depth='24.15 m' />
  <sample time='41:46 min' depth='24.26 m' />
  <sample time='41:48 min' depth='24.42 m' />
  <sample time='41:50 min' depth='24.47 m' />
  <sample time='41:52 min' depth='24.5 m' />
  <sample time='41:54 min' depth='24.48 m' />
  <sample time='41:56 min' depth='24.5 m' />
  <sample time='41:58 min' depth='24.43 m' />
  <sample time='42:00 min' depth='24.42 m' />
  <sample time='42:02 min' depth='24.33 m' />
  <sample time='42:04 min' depth='24.31 m' />
  <sample time='42:06 min' depth='24.35 m' />
  <sample time='42:08 min' depth='24.36 m' />
  <sample time='42:10 min' depth='24.45 m' />
  <sample time='42:12 min' depth='24.21 m' />
  <sample time='42:14 min' depth='24.18 m' />
  <sample time='42:16 min' depth='24.15 m' />
  <sample time='42:18 min' depth='24.08 m' />
  <sample time='42:20 min' depth='23.99 m' />
  <sample time='42:22 min' depth='23.94 m' />
  <sample time='42:24 min' depth='23.94 m' temp='5.8 C' />
  <sample time='42:26 min' depth='23.91 m' />
  <sample time='42:28 min' depth='23.87 m' />
  <sample time='42:30 min' depth='23.91 m' />
  <sample time='42:32 min' depth='23.96 m' />
  <sample time='42:34 min' depth='24.03 m' />
  <sample time='42:36 min' depth='24.09 m' />
  <sample time='42:38 min' depth='24.13 m' />
  <sample time='42:40 min' depth='24.16 m' />
  <sample time='42:42 min' depth='24.16 m' />
  <sample time='42:44 min' depth='24.25 m' />
  <sample time='42:46 min' depth='24.29 m' />
  <sample time='42:48 min' depth='24.35 m' />
  <sample time='42:50 min' depth='24.41 m' />
  <sample time='42:52 min' depth='24.45 m' />
  <sample time='42:54 min' depth='24.42 m' />
  <sample time='42:56 min' depth='24.45 m' />
  <sample time='42:58 min' depth='24.5 m' />
  <sample time='43:00 min' depth='24.56 m' />
  <sample time='43:02 min' depth='24.62 m' />
  <sample time='43:04 min' depth='24.66 m' />
  <sample time='43:06 min' depth='24.72 m' />
  <sample time='43:08 min' depth='24.75 m' />
  <sample time='43:10 min' depth='24.77 m' />
  <sample time='43:12 min' depth='24.78 m' />
  <sample time='43:14 min' depth='24.8 m' />
  <sample time='43:16 min' depth='24.85 m' />
  <sample time='43:18 min' depth='24.87 m' />
  <sample time='43:20 min' depth='24.9 m' />
  <sample time='43:22 min' depth='24.88 m' />
  <sample time='43:24 min' depth='24.85 m' temp='5.7 C' />
  <sample time='43:26 min' depth='24.85 m' />
  <sample time='43:28 min' depth='24.78 m' />
  <sample time='43:30 min' depth='24.7 m' />
  <sample time='43:32 min' depth='24.61 m' />
  <sample time='43:34 min' depth='24.51 m' />
  <sample time='43:36 min' depth='24.44 m' />
  <sample time='43:38 min' depth='24.34 m' />
  <sample time='43:40 min' depth='24.29 m' />
  <sample time='43:42 min' depth='24.25 m' />
  <sample time='43:44 min' depth='24.18 m' />
  <sample time='43:46 min' depth='24.11 m' />
  <sample time='43:48 min' depth='24.06 m' />
  <sample time='43:50 min' depth='24.03 m' />
  <sample time='43:52 min' depth='23.96 m' />
  <sample time='43:54 min' depth='23.97 m' />
  <sample time='43:56 min' depth='23.99 m' />
  <sample time='43:58 min' depth='24.04 m' />
  <sample time='44:00 min' depth='24.14 m' temp='5.8 C' />
  <sample time='44:02 min' depth='24.19 m' />
  <sample time='44:04 min' depth='24.26 m' />
  <sample time='44:06 min' depth='24.31 m' />
  <sample time='44:08 min' depth='24.34 m' />
  <sample time='44:10 min' depth='24.4 m' />
  <sample time='44:12 min' depth='24.48 m' />
  <sample time='44:14 min' depth='24.55 m' />
  <sample time='44:16 min' depth='24.61 m' />
  <sample time='44:18 min' depth='24.67 m' />
  <sample time='44:20 min' depth='24.75 m' />
  <sample time='44:22 min' depth='24.8 m' />
  <sample time='44:24 min' depth='24.9 m' />
  <sample time='44:26 min' depth='25.02 m' />
  <sample time='44:28 min' depth='25.14 m' />
  <sample time='44:30 min' depth='25.26 m' />
  <sample time='44:32 min' depth='25.37 m' />
  <sample time='44:34 min' depth='25.45 m' />
  <sample time='44:36 min' depth='25.51 m' />
  <sample time='44:38 min' depth='25.63 m' />
  <sample time='44:40 min' depth='25.69 m' />
  <sample time='44:42 min' depth='25.79 m' />
  <sample time='44:44 min' depth='25.81 m' />
  <sample time='44:46 min' depth='25.94 m' />
  <sample time='44:48 min' depth='25.93 m' temp='5.7 C' />
  <sample time='44:50 min' depth='26.03 m' />
  <sample time='44:52 min' depth='26.1 m' />
  <sample time='44:54 min' depth='26.05 m' />
  <sample time='44:56 min' depth='26.03 m' />
  <sample time='44:58 min' depth='25.9 m' />
  <sample time='45:00 min' depth='25.86 m' temp='5.5 C' />
  <sample time='45:02 min' depth='25.78 m' />
  <sample time='45:04 min' depth='25.73 m' />
  <sample time='45:06 min' depth='25.66 m' />
  <sample time='45:08 min' depth='25.57 m' />
  <sample time='45:10 min' depth='25.59 m' />
  <sample time='45:12 min' depth='25.57 m' />
  <sample time='45:14 min' depth='25.55 m' />
  <sample time='45:16 min' depth='25.61 m' />
  <sample time='45:18 min' depth='25.56 m' />
  <sample time='45:20 min' depth='25.56 m' />
  <sample time='45:22 min' depth='25.5 m' />
  <sample time='45:24 min' depth='25.52 m' temp='5.4 C' />
  <sample time='45:26 min' depth='25.5 m' />
  <sample time='45:28 min' depth='25.33 m' />
  <sample time='45:30 min' depth='25.34 m' />
  <sample time='45:32 min' depth='25.33 m' />
  <sample time='45:34 min' depth='25.41 m' />
  <sample time='45:36 min' depth='25.53 m' />
  <sample time='45:38 min' depth='25.56 m' />
  <sample time='45:40 min' depth='25.63 m' />
  <sample time='45:42 min' depth='25.62 m' />
  <sample time='45:44 min' depth='25.51 m' />
  <sample time='45:46 min' depth='25.28 m' />
  <sample time='45:48 min' depth='25.17 m' />
  <sample time='45:50 min' depth='24.95 m' />
  <sample time='45:52 min' depth='24.67 m' />
  <sample time='45:54 min' depth='24.34 m' />
  <sample time='45:56 min' depth='24.07 m' />
  <sample time='45:58 min' depth='23.77 m' />
  <sample time='46:00 min' depth='23.45 m' />
  <sample time='46:02 min' depth='22.82 m' />
  <sample time='46:04 min' depth='22.42 m' />
  <sample time='46:06 min' depth='22.53 m' />
  <sample time='46:08 min' depth='22.22 m' />
  <sample time='46:10 min' depth='21.79 m' />
  <sample time='46:12 min' depth='21.17 m' temp='5.6 C' />
  <sample time='46:14 min' depth='20.97 m' />
  <sample time='46:16 min' depth='21.09 m' />
  <sample time='46:18 min' depth='20.91 m' />
  <sample time='46:20 min' depth='20.77 m' />
  <sample time='46:22 min' depth='20.7 m' />
  <sample time='46:24 min' depth='20.61 m' temp='6.0 C' />
  <sample time='46:26 min' depth='20.47 m' />
  <sample time='46:28 min' depth='20.31 m' />
  <sample time='46:30 min' depth='20.12 m' />
  <sample time='46:32 min' depth='19.95 m' />
  <sample time='46:34 min' depth='19.95 m' />
  <sample time='46:36 min' depth='19.96 m' temp='6.3 C' />
  <sample time='46:38 min' depth='20.0 m' />
  <sample time='46:40 min' depth='20.0 m' />
  <sample time='46:42 min' depth='19.95 m' />
  <sample time='46:44 min' depth='19.92 m' />
  <sample time='46:46 min' depth='19.92 m' />
  <sample time='46:48 min' depth='19.71 m' temp='6.6 C' />
  <sample time='46:50 min' depth='20.0 m' />
  <sample time='46:52 min' depth='20.1 m' />
  <sample time='46:54 min' depth='20.11 m' />
  <sample time='46:56 min' depth='20.14 m' />
  <sample time='46:58 min' depth='20.12 m' />
  <sample time='47:00 min' depth='20.1 m' temp='6.9 C' />
  <sample time='47:02 min' depth='20.15 m' />
  <sample time='47:04 min' depth='20.2 m' />
  <sample time='47:06 min' depth='20.34 m' />
  <sample time='47:08 min' depth='20.39 m' />
  <sample time='47:10 min' depth='20.46 m' />
  <sample time='47:12 min' depth='20.56 m' temp='7.0 C' />
  <sample time='47:14 min' depth='20.68 m' />
  <sample time='47:16 min' depth='20.76 m' />
  <sample time='47:18 min' depth='20.84 m' />
  <sample time='47:20 min' depth='20.88 m' />
  <sample time='47:22 min' depth='20.9 m' />
  <sample time='47:24 min' depth='20.87 m' temp='7.1 C' />
  <sample time='47:26 min' depth='20.88 m' />
  <sample time='47:28 min' depth='20.85 m' />
  <sample time='47:30 min' depth='20.79 m' />
  <sample time='47:32 min' depth='20.77 m' />
  <sample time='47:34 min' depth='20.72 m' />
  <sample time='47:36 min' depth='20.7 m' />
  <sample time='47:38 min' depth='20.68 m' />
  <sample time='47:40 min' depth='20.66 m' />
  <sample time='47:42 min' depth='20.68 m' />
  <sample time='47:44 min' depth='20.72 m' />
  <sample time='47:46 min' depth='20.79 m' />
  <sample time='47:48 min' depth='20.7 m' temp='7.0 C' />
  <sample time='47:50 min' depth='20.63 m' />
  <sample time='47:52 min' depth='20.56 m' />
  <sample time='47:54 min' depth='20.53 m' />
  <sample time='47:56 min' depth='20.45 m' />
  <sample time='47:58 min' depth='20.45 m' />
  <sample time='48:00 min' depth='20.24 m' />
  <sample time='48:02 min' depth='20.17 m' />
  <sample time='48:04 min' depth='20.1 m' />
  <sample time='48:06 min' depth='20.07 m' />
  <sample time='48:08 min' depth='20.01 m' />
  <sample time='48:10 min' depth='20.17 m' />
  <sample time='48:12 min' depth='19.82 m' temp='7.1 C' />
  <sample time='48:14 min' depth='19.8 m' />
  <sample time='48:16 min' depth='19.77 m' />
  <sample time='48:18 min' depth='19.74 m' />
  <sample time='48:20 min' depth='19.39 m' />
  <sample time='48:22 min' depth='19.07 m' />
  <sample time='48:24 min' depth='19.47 m' temp='7.2 C' />
  <sample time='48:26 min' depth='19.46 m' />
  <sample time='48:28 min' depth='19.44 m' />
  <sample time='48:30 min' depth='19.41 m' />
  <sample time='48:32 min' depth='19.38 m' />
  <sample time='48:34 min' depth='19.31 m' />
  <sample time='48:36 min' depth='19.22 m' temp='7.4 C' />
  <sample time='48:38 min' depth='19.12 m' />
  <sample time='48:40 min' depth='19.01 m' />
  <sample time='48:42 min' depth='18.92 m' />
  <sample time='48:44 min' depth='18.79 m' />
  <sample time='48:46 min' depth='18.74 m' />
  <sample time='48:48 min' depth='18.69 m' temp='7.6 C' />
  <sample time='48:50 min' depth='18.59 m' />
  <sample time='48:52 min' depth='18.53 m' />
  <sample time='48:54 min' depth='18.51 m' />
  <sample time='48:56 min' depth='18.61 m' />
  <sample time='48:58 min' depth='18.63 m' />
  <sample time='49:00 min' depth='18.79 m' temp='7.8 C' />
  <sample time='49:02 min' depth='18.77 m' />
  <sample time='49:04 min' depth='18.57 m' />
  <sample time='49:06 min' depth='18.45 m' />
  <sample time='49:08 min' depth='18.33 m' />
  <sample time='49:10 min' depth='18.39 m' />
  <sample time='49:12 min' depth='18.42 m' temp='8.0 C' />
  <sample time='49:14 min' depth='18.44 m' />
  <sample time='49:16 min' depth='18.5 m' />
  <sample time='49:18 min' depth='18.51 m' />
  <sample time='49:20 min' depth='18.56 m' />
  <sample time='49:22 min' depth='18.49 m' />
  <sample time='49:24 min' depth='18.41 m' temp='8.1 C' />
  <sample time='49:26 min' depth='18.35 m' />
  <sample time='49:28 min' depth='18.27 m' />
  <sample time='49:30 min' depth='18.22 m' />
  <sample time='49:32 min' depth='18.12 m' />
  <sample time='49:34 min' depth='18.09 m' />
  <sample time='49:36 min' depth='18.03 m' temp='8.3 C' />
  <sample time='49:38 min' depth='18.05 m' />
  <sample time='49:40 min' depth='18.14 m' />
  <sample time='49:42 min' depth='18.18 m' />
  <sample time='49:44 min' depth='18.13 m' />
  <sample time='49:46 min' depth='18.05 m' />
  <sample time='49:48 min' depth='18.07 m' temp='8.6 C' />
  <sample time='49:50 min' depth='18.03 m' />
  <sample time='49:52 min' depth='17.95 m' />
  <sample time='49:54 min' depth='17.86 m' />
  <sample time='49:56 min' depth='17.77 m' />
  <sample time='49:58 min' depth='17.65 m' />
  <sample time='50:00 min' depth='17.64 m' temp='8.8 C' />
  <sample time='50:02 min' depth='17.48 m' />
  <sample time='50:04 min' depth='17.23 m' />
  <sample time='50:06 min' depth='16.73 m' />
  <sample time='50:08 min' depth='16.9 m' />
  <sample time='50:10 min' depth='16.91 m' />
  <sample time='50:12 min' depth='17.02 m' temp='9.1 C' />
  <sample time='50:14 min' depth='16.82 m' />
  <sample time='50:16 min' depth='16.76 m' />
  <sample time='50:18 min' depth='16.63 m' />
  <sample time='50:20 min' depth='16.5 m' />
  <sample time='50:22 min' depth='16.3 m' />
  <sample time='50:24 min' depth='16.18 m' temp='9.4 C' />
  <sample time='50:26 min' depth='16.11 m' />
  <sample time='50:28 min' depth='16.16 m' />
  <sample time='50:30 min' depth='16.1 m' />
  <sample time='50:32 min' depth='15.97 m' />
  <sample time='50:34 min' depth='15.96 m' />
  <sample time='50:36 min' depth='15.7 m' temp='9.5 C' />
  <sample time='50:38 min' depth='15.12 m' />
  <sample time='50:40 min' depth='14.9 m' />
  <sample time='50:42 min' depth='15.2 m' />
  <sample time='50:44 min' depth='15.13 m' />
  <sample time='50:46 min' depth='15.08 m' />
  <sample time='50:48 min' depth='15.0 m' temp='9.7 C' />
  <sample time='50:50 min' depth='14.97 m' />
  <sample time='50:52 min' depth='14.92 m' />
  <sample time='50:54 min' depth='14.75 m' />
  <sample time='50:56 min' depth='14.61 m' />
  <sample time='50:58 min' depth='14.51 m' />
  <sample time='51:00 min' depth='14.47 m' temp='9.8 C' />
  <sample time='51:02 min' depth='14.47 m' />
  <sample time='51:04 min' depth='14.48 m' />
  <sample time='51:06 min' depth='14.46 m' />
  <sample time='51:08 min' depth='14.42 m' />
  <sample time='51:10 min' depth='14.28 m' />
  <sample time='51:12 min' depth='14.28 m' />
  <sample time='51:14 min' depth='14.26 m' />
  <sample time='51:16 min' depth='14.23 m' />
  <sample time='51:18 min' depth='14.19 m' />
  <sample time='51:20 min' depth='14.18 m' />
  <sample time='51:22 min' depth='14.08 m' />
  <sample time='51:24 min' depth='14.0 m' temp='9.9 C' />
  <sample time='51:26 min' depth='13.9 m' />
  <sample time='51:28 min' depth='13.87 m' />
  <sample time='51:30 min' depth='13.9 m' />
  <sample time='51:32 min' depth='14.0 m' />
  <sample time='51:34 min' depth='13.99 m' />
  <sample time='51:36 min' depth='14.03 m' />
  <sample time='51:38 min' depth='14.13 m' />
  <sample time='51:40 min' depth='14.16 m' />
  <sample time='51:42 min' depth='14.18 m' />
  <sample time='51:44 min' depth='14.22 m' />
  <sample time='51:46 min' depth='14.09 m' />
  <sample time='51:48 min' depth='13.66 m' />
  <sample time='51:50 min' depth='13.38 m' />
  <sample time='51:52 min' depth='13.75 m' />
  <sample time='51:54 min' depth='13.67 m' />
  <sample time='51:56 min' depth='13.63 m' />
  <sample time='51:58 min' depth='13.69 m' />
  <sample time='52:00 min' depth='13.65 m' />
  <sample time='52:02 min' depth='13.57 m' />
  <sample time='52:04 min' depth='13.5 m' />
  <sample time='52:06 min' depth='13.5 m' />
  <sample time='52:08 min' depth='13.55 m' />
  <sample time='52:10 min' depth='13.66 m' />
  <sample time='52:12 min' depth='13.66 m' />
  <sample time='52:14 min' depth='13.71 m' />
  <sample time='52:16 min' depth='13.69 m' />
  <sample time='52:18 min' depth='13.63 m' />
  <sample time='52:20 min' depth='13.59 m' />
  <sample time='52:22 min' depth='13.51 m' />
  <sample time='52:24 min' depth='13.42 m' />
  <sample time='52:26 min' depth='13.35 m' />
  <sample time='52:28 min' depth='13.09 m' />
  <sample time='52:30 min' depth='12.72 m' />
  <sample time='52:32 min' depth='12.54 m' />
  <sample time='52:34 min' depth='12.66 m' />
  <sample time='52:36 min' depth='12.43 m' />
  <sample time='52:38 min' depth='12.31 m' />
  <sample time='52:40 min' depth='12.25 m' />
  <sample time='52:42 min' depth='12.15 m' />
  <sample time='52:44 min' depth='11.92 m' />
  <sample time='52:46 min' depth='11.57 m' />
  <sample time='52:48 min' depth='11.95 m' />
  <sample time='52:50 min' depth='11.87 m' />
  <sample time='52:52 min' depth='11.84 m' />
  <sample time='52:54 min' depth='11.81 m' />
  <sample time='52:56 min' depth='11.74 m' />
  <sample time='52:58 min' depth='11.73 m' />
  <sample time='53:00 min' depth='11.76 m' />
  <sample time='53:02 min' depth='11.74 m' />
  <sample time='53:04 min' depth='11.57 m' />
  <sample time='53:06 min' depth='11.27 m' />
  <sample time='53:08 min' depth='11.57 m' />
  <sample time='53:10 min' depth='11.46 m' />
  <sample time='53:12 min' depth='11.49 m' />
  <sample time='53:14 min' depth='11.42 m' />
  <sample time='53:16 min' depth='11.37 m' />
  <sample time='53:18 min' depth='11.26 m' />
  <sample time='53:20 min' depth='11.33 m' />
  <sample time='53:22 min' depth='11.04 m' />
  <sample time='53:24 min' depth='10.78 m' />
  <sample time='53:26 min' depth='10.2 m' />
  <sample time='53:28 min' depth='9.91 m' />
  <sample time='53:30 min' depth='10.28 m' />
  <sample time='53:32 min' depth='10.26 m' />
  <sample time='53:34 min' depth='10.24 m' />
  <sample time='53:36 min' depth='10.26 m' />
  <sample time='53:38 min' depth='10.28 m' />
  <sample time='53:40 min' depth='10.24 m' />
  <sample time='53:42 min' depth='9.93 m' />
  <sample time='53:44 min' depth='9.47 m' />
  <sample time='53:46 min' depth='9.73 m' />
  <sample time='53:48 min' depth='9.72 m' />
  <sample time='53:50 min' depth='9.65 m' />
  <sample time='53:52 min' depth='9.69 m' />
  <sample time='53:54 min' depth='9.7 m' />
  <sample time='53:56 min' depth='9.71 m' />
  <sample time='53:58 min' depth='9.85 m' />
  <sample time='54:00 min' depth='9.86 m' />
  <sample time='54:02 min' depth='9.81 m' />
  <sample time='54:04 min' depth='9.76 m' />
  <sample time='54:06 min' depth='9.6 m' />
  <sample time='54:08 min' depth='9.17 m' />
  <sample time='54:10 min' depth='8.7 m' />
  <sample time='54:12 min' depth='8.43 m' temp='10.0 C' />
  <sample time='54:14 min' depth='8.71 m' />
  <sample time='54:16 min' depth='8.63 m' />
  <sample time='54:18 min' depth='8.63 m' />
  <sample time='54:20 min' depth='8.7 m' />
  <sample time='54:22 min' depth='8.69 m' />
  <sample time='54:24 min' depth='8.67 m' />
  <sample time='54:26 min' depth='8.68 m' />
  <sample time='54:28 min' depth='8.7 m' />
  <sample time='54:30 min' depth='8.7 m' />
  <sample time='54:32 min' depth='8.72 m' />
  <sample time='54:34 min' depth='8.76 m' />
  <sample time='54:36 min' depth='8.74 m' />
  <sample time='54:38 min' depth='8.68 m' />
  <sample time='54:40 min' depth='8.61 m' />
  <sample time='54:42 min' depth='8.45 m' />
  <sample time='54:44 min' depth='8.37 m' />
  <sample time='54:46 min' depth='8.32 m' />
  <sample time='54:48 min' depth='8.3 m' />
  <sample time='54:50 min' depth='8.24 m' />
  <sample time='54:52 min' depth='8.15 m' />
  <sample time='54:54 min' depth='8.06 m' />
  <sample time='54:56 min' depth='7.91 m' />
  <sample time='54:58 min' depth='7.78 m' />
  <sample time='55:00 min' depth='7.23 m' />
  <sample time='55:02 min' depth='7.0 m' />
  <sample time='55:04 min' depth='7.29 m' />
  <sample time='55:06 min' depth='7.16 m' />
  <sample time='55:08 min' depth='7.1 m' />
  <sample time='55:10 min' depth='7.14 m' />
  <sample time='55:12 min' depth='7.08 m' />
  <sample time='55:14 min' depth='7.08 m' />
  <sample time='55:16 min' depth='6.97 m' />
  <sample time='55:18 min' depth='6.95 m' />
  <sample time='55:20 min' depth='6.88 m' />
  <sample time='55:22 min' depth='6.87 m' />
  <sample time='55:24 min' depth='6.87 m' temp='10.1 C' />
  <sample time='55:26 min' depth='6.84 m' />
  <sample time='55:28 min' depth='6.84 m' />
  <sample time='55:30 min' depth='6.81 m' />
  <sample time='55:32 min' depth='6.85 m' />
  <sample time='55:34 min' depth='6.77 m' />
  <sample time='55:36 min' depth='6.75 m' />
  <sample time='55:38 min' depth='6.64 m' />
  <sample time='55:40 min' depth='6.63 m' />
  <sample time='55:42 min' depth='6.63 m' />
  <sample time='55:44 min' depth='6.69 m' />
  <sample time='55:46 min' depth='6.86 m' />
  <sample time='55:48 min' depth='6.86 m' temp='10.0 C' />
  <sample time='55:50 min' depth='6.86 m' />
  <sample time='55:52 min' depth='6.77 m' />
  <sample time='55:54 min' depth='6.7 m' />
  <sample time='55:56 min' depth='6.1 m' />
  <sample time='55:58 min' depth='5.73 m' />
  <sample time='56:00 min' depth='6.06 m' />
  <sample time='56:02 min' depth='6.1 m' />
  <sample time='56:04 min' depth='6.1 m' />
  <sample time='56:06 min' depth='6.21 m' />
  <sample time='56:08 min' depth='6.45 m' />
  <sample time='56:10 min' depth='6.7 m' />
  <sample time='56:12 min' depth='6.75 m' />
  <sample time='56:14 min' depth='6.85 m' />
  <sample time='56:16 min' depth='6.56 m' />
  <sample time='56:18 min' depth='6.31 m' />
  <sample time='56:20 min' depth='6.42 m' />
  <sample time='56:22 min' depth='6.43 m' />
  <sample time='56:24 min' depth='6.51 m' />
  <sample time='56:26 min' depth='6.62 m' />
  <sample time='56:28 min' depth='6.72 m' />
  <sample time='56:30 min' depth='6.82 m' />
  <sample time='56:32 min' depth='6.85 m' />
  <sample time='56:34 min' depth='6.86 m' />
  <sample time='56:36 min' depth='6.78 m' />
  <sample time='56:38 min' depth='6.75 m' />
  <sample time='56:40 min' depth='6.7 m' />
  <sample time='56:42 min' depth='6.62 m' />
  <sample time='56:44 min' depth='6.51 m' />
  <sample time='56:46 min' depth='6.41 m' />
  <sample time='56:48 min' depth='6.39 m' />
  <sample time='56:50 min' depth='6.4 m' />
  <sample time='56:52 min' depth='6.42 m' />
  <sample time='56:54 min' depth='6.48 m' />
  <sample time='56:56 min' depth='6.52 m' />
  <sample time='56:58 min' depth='6.56 m' />
  <sample time='57:00 min' depth='6.6 m' />
  <sample time='57:02 min' depth='6.65 m' />
  <sample time='57:04 min' depth='6.68 m' />
  <sample time='57:06 min' depth='6.74 m' />
  <sample time='57:08 min' depth='6.76 m' />
  <sample time='57:10 min' depth='6.79 m' />
  <sample time='57:12 min' depth='6.93 m' />
  <sample time='57:14 min' depth='6.87 m' />
  <sample time='57:16 min' depth='6.9 m' />
  <sample time='57:18 min' depth='6.92 m' />
  <sample time='57:20 min' depth='6.9 m' />
  <sample time='57:22 min' depth='6.88 m' />
  <sample time='57:24 min' depth='6.97 m' />
  <sample time='57:26 min' depth='6.97 m' />
  <sample time='57:28 min' depth='6.99 m' />
  <sample time='57:30 min' depth='7.0 m' />
  <sample time='57:32 min' depth='7.08 m' />
  <sample time='57:34 min' depth='7.17 m' />
  <sample time='57:36 min' depth='7.24 m' />
  <sample time='57:38 min' depth='7.32 m' />
  <sample time='57:40 min' depth='7.42 m' />
  <sample time='57:42 min' depth='7.53 m' />
  <sample time='57:44 min' depth='7.61 m' />
  <sample time='57:46 min' depth='7.68 m' />
  <sample time='57:48 min' depth='7.79 m' />
  <sample time='57:50 min' depth='7.68 m' />
  <sample time='57:52 min' depth='7.44 m' />
  <sample time='57:54 min' depth='7.37 m' />
  <sample time='57:56 min' depth='7.41 m' />
  <sample time='57:58 min' depth='7.37 m' />
  <sample time='58:00 min' depth='7.38 m' />
  <sample time='58:02 min' depth='7.4 m' />
  <sample time='58:04 min' depth='7.46 m' />
  <sample time='58:06 min' depth='7.41 m' />
  <sample time='58:08 min' depth='7.46 m' />
  <sample time='58:10 min' depth='7.39 m' />
  <sample time='58:12 min' depth='7.29 m' />
  <sample time='58:14 min' depth='7.11 m' />
  <sample time='58:16 min' depth='6.99 m' />
  <sample time='58:18 min' depth='6.98 m' />
  <sample time='58:20 min' depth='6.89 m' />
  <sample time='58:22 min' depth='6.77 m' />
  <sample time='58:24 min' depth='6.72 m' />
  <sample time='58:26 min' depth='6.56 m' />
  <sample time='58:28 min' depth='6.26 m' />
  <sample time='58:30 min' depth='5.75 m' />
  <sample time='58:32 min' depth='5.84 m' />
  <sample time='58:34 min' depth='5.64 m' />
  <sample time='58:36 min' depth='5.51 m' />
  <sample time='58:38 min' depth='5.58 m' />
  <sample time='58:40 min' depth='5.63 m' />
  <sample time='58:42 min' depth='5.73 m' />
  <sample time='58:44 min' depth='5.85 m' />
  <sample time='58:46 min' depth='5.93 m' />
  <sample time='58:48 min' depth='6.0 m' />
  <sample time='58:50 min' depth='6.04 m' />
  <sample time='58:52 min' depth='6.06 m' />
  <sample time='58:54 min' depth='6.11 m' />
  <sample time='58:56 min' depth='6.11 m' />
  <sample time='58:58 min' depth='6.13 m' />
  <sample time='59:00 min' depth='6.2 m' />
  <sample time='59:02 min' depth='6.19 m' />
  <sample time='59:04 min' depth='6.18 m' />
  <sample time='59:06 min' depth='6.13 m' />
  <sample time='59:08 min' depth='6.03 m' />
  <sample time='59:10 min' depth='5.95 m' />
  <sample time='59:12 min' depth='5.98 m' />
  <sample time='59:14 min' depth='6.03 m' />
  <sample time='59:16 min' depth='6.11 m' />
  <sample time='59:18 min' depth='6.22 m' />
  <sample time='59:20 min' depth='6.26 m' />
  <sample time='59:22 min' depth='6.28 m' />
  <sample time='59:24 min' depth='6.33 m' />
  <sample time='59:26 min' depth='6.34 m' />
  <sample time='59:28 min' depth='6.45 m' />
  <sample time='59:30 min' depth='6.45 m' />
  <sample time='59:32 min' depth='6.51 m' />
  <sample time='59:34 min' depth='6.58 m' />
  <sample time='59:36 min' depth='6.62 m' />
  <sample time='59:38 min' depth='6.62 m' />
  <sample time='59:40 min' depth='6.65 m' />
  <sample time='59:42 min' depth='6.69 m' />
  <sample time='59:44 min' depth='6.67 m' />
  <sample time='59:46 min' depth='6.69 m' />
  <sample time='59:48 min' depth='6.7 m' />
  <sample time='59:50 min' depth='6.74 m' />
  <sample time='59:52 min' depth='6.76 m' />
  <sample time='59:54 min' depth='6.83 m' />
  <sample time='59:56 min' depth='6.89 m' />
  <sample time='59:58 min' depth='6.86 m' />
  <sample time='60:00 min' depth='6.85 m' />
  <sample time='60:02 min' depth='6.85 m' />
  <sample time='60:04 min' depth='6.78 m' />
  <sample time='60:06 min' depth='6.8 m' />
  <sample time='60:08 min' depth='6.75 m' />
  <sample time='60:10 min' depth='6.77 m' />
  <sample time='60:12 min' depth='6.77 m' />
  <sample time='60:14 min' depth='6.76 m' />
  <sample time='60:16 min' depth='6.77 m' />
  <sample time='60:18 min' depth='6.75 m' />
  <sample time='60:20 min' depth='6.7 m' />
  <sample time='60:22 min' depth='6.66 m' />
  <sample time='60:24 min' depth='6.59 m' />
  <sample time='60:26 min' depth='6.53 m' />
  <sample time='60:28 min' depth='6.48 m' />
  <sample time='60:30 min' depth='6.46 m' />
  <sample time='60:32 min' depth='6.43 m' />
  <sample time='60:34 min' depth='6.42 m' />
  <sample time='60:36 min' depth='6.41 m' />
  <sample time='60:38 min' depth='6.39 m' />
  <sample time='60:40 min' depth='6.38 m' />
  <sample time='60:42 min' depth='6.36 m' />
  <sample time='60:44 min' depth='6.28 m' />
  <sample time='60:46 min' depth='6.23 m' />
  <sample time='60:48 min' depth='6.16 m' />
  <sample time='60:50 min' depth='6.05 m' />
  <sample time='60:52 min' depth='5.6 m' />
  <sample time='60:54 min' depth='5.69 m' />
  <sample time='60:56 min' depth='5.83 m' />
  <sample time='60:58 min' depth='5.81 m' />
  <sample time='61:00 min' depth='5.83 m' />
  <sample time='61:02 min' depth='5.88 m' />
  <sample time='61:04 min' depth='5.97 m' />
  <sample time='61:06 min' depth='6.04 m' />
  <sample time='61:08 min' depth='6.13 m' />
  <sample time='61:10 min' depth='6.3 m' />
  <sample time='61:12 min' depth='6.4 m' />
  <sample time='61:14 min' depth='6.52 m' />
  <sample time='61:16 min' depth='6.62 m' />
  <sample time='61:18 min' depth='6.78 m' />
  <sample time='61:20 min' depth='6.8 m' />
  <sample time='61:22 min' depth='6.71 m' />
  <sample time='61:24 min' depth='6.55 m' />
  <sample time='61:26 min' depth='6.49 m' />
  <sample time='61:28 min' depth='6.49 m' />
  <sample time='61:30 min' depth='6.59 m' />
  <sample time='61:32 min' depth='6.71 m' />
  <sample time='61:34 min' depth='6.82 m' />
  <sample time='61:36 min' depth='6.93 m' />
  <sample time='61:38 min' depth='7.03 m' />
  <sample time='61:40 min' depth='7.15 m' />
  <sample time='61:42 min' depth='7.25 m' />
  <sample time='61:44 min' depth='7.29 m' />
  <sample time='61:46 min' depth='7.31 m' />
  <sample time='61:48 min' depth='7.34 m' />
  <sample time='61:50 min' depth='7.36 m' />
  <sample time='61:52 min' depth='7.35 m' />
  <sample time='61:54 min' depth='7.31 m' />
  <sample time='61:56 min' depth='7.31 m' />
  <sample time='61:58 min' depth='7.21 m' />
  <sample time='62:00 min' depth='7.04 m' />
  <sample time='62:02 min' depth='6.89 m' />
  <sample time='62:04 min' depth='6.77 m' />
  <sample time='62:06 min' depth='6.68 m' />
  <sample time='62:08 min' depth='6.68 m' />
  <sample time='62:10 min' depth='6.74 m' />
  <sample time='62:12 min' depth='6.79 m' />
  <sample time='62:14 min' depth='6.86 m' />
  <sample time='62:16 min' depth='6.88 m' />
  <sample time='62:18 min' depth='6.88 m' />
  <sample time='62:20 min' depth='6.87 m' />
  <sample time='62:22 min' depth='6.87 m' />
  <sample time='62:24 min' depth='6.86 m' />
  <sample time='62:26 min' depth='6.84 m' />
  <sample time='62:28 min' depth='6.87 m' />
  <sample time='62:30 min' depth='6.87 m' />
  <sample time='62:32 min' depth='6.84 m' />
  <sample time='62:34 min' depth='6.8 m' />
  <sample time='62:36 min' depth='6.61 m' />
  <sample time='62:38 min' depth='6.59 m' />
  <sample time='62:40 min' depth='6.62 m' />
  <sample time='62:42 min' depth='6.65 m' />
  <sample time='62:44 min' depth='6.66 m' />
  <sample time='62:46 min' depth='6.66 m' />
  <sample time='62:48 min' depth='6.78 m' />
  <sample time='62:50 min' depth='6.75 m' />
  <sample time='62:52 min' depth='6.8 m' />
  <sample time='62:54 min' depth='6.91 m' />
  <sample time='62:56 min' depth='6.99 m' />
  <sample time='62:58 min' depth='7.04 m' />
  <sample time='63:00 min' depth='7.07 m' />
  <sample time='63:02 min' depth='6.98 m' />
  <sample time='63:04 min' depth='6.87 m' />
  <sample time='63:06 min' depth='6.77 m' />
  <sample time='63:08 min' depth='6.64 m' />
  <sample time='63:10 min' depth='6.56 m' />
  <sample time='63:12 min' depth='6.35 m' />
  <sample time='63:14 min' depth='5.89 m' />
  <sample time='63:16 min' depth='6.2 m' />
  <sample time='63:18 min' depth='6.27 m' />
  <sample time='63:20 min' depth='6.22 m' />
  <sample time='63:22 min' depth='6.17 m' />
  <sample time='63:24 min' depth='6.15 m' />
  <sample time='63:26 min' depth='6.16 m' />
  <sample time='63:28 min' depth='6.21 m' />
  <sample time='63:30 min' depth='6.19 m' />
  <sample time='63:32 min' depth='6.19 m' />
  <sample time='63:34 min' depth='6.14 m' />
  <sample time='63:36 min' depth='6.11 m' />
  <sample time='63:38 min' depth='5.74 m' />
  <sample time='63:40 min' depth='5.49 m' />
  <sample time='63:42 min' depth='5.85 m' />
  <sample time='63:44 min' depth='5.79 m' />
  <sample time='63:46 min' depth='5.84 m' />
  <sample time='63:48 min' depth='5.93 m' />
  <sample time='63:50 min' depth='6.0 m' />
  <sample time='63:52 min' depth='6.13 m' />
  <sample time='63:54 min' depth='6.09 m' />
  <sample time='63:56 min' depth='6.11 m' />
  <sample time='63:58 min' depth='6.12 m' />
  <sample time='64:00 min' depth='6.13 m' />
  <sample time='64:02 min' depth='6.12 m' />
  <sample time='64:04 min' depth='6.15 m' />
  <sample time='64:06 min' depth='6.25 m' />
  <sample time='64:08 min' depth='6.34 m' />
  <sample time='64:10 min' depth='6.46 m' />
  <sample time='64:12 min' depth='6.57 m' />
  <sample time='64:14 min' depth='6.69 m' />
  <sample time='64:16 min' depth='6.74 m' />
  <sample time='64:18 min' depth='6.79 m' />
  <sample time='64:20 min' depth='6.73 m' />
  <sample time='64:22 min' depth='6.75 m' />
  <sample time='64:24 min' depth='6.77 m' />
  <sample time='64:26 min' depth='6.81 m' />
  <sample time='64:28 min' depth='6.86 m' />
  <sample time='64:30 min' depth='6.91 m' />
  <sample time='64:32 min' depth='6.82 m' />
  <sample time='64:34 min' depth='6.72 m' />
  <sample time='64:36 min' depth='6.56 m' />
  <sample time='64:38 min' depth='6.35 m' />
  <sample time='64:40 min' depth='6.21 m' />
  <sample time='64:42 min' depth='6.0 m' />
  <sample time='64:44 min' depth='5.74 m' />
  <sample time='64:46 min' depth='5.43 m' />
  <sample time='64:48 min' depth='5.78 m' />
  <sample time='64:50 min' depth='5.77 m' />
  <sample time='64:52 min' depth='5.82 m' />
  <sample time='64:54 min' depth='5.94 m' />
  <sample time='64:56 min' depth='6.0 m' />
  <sample time='64:58 min' depth='6.06 m' />
  <sample time='65:00 min' depth='6.08 m' />
  <sample time='65:02 min' depth='6.09 m' />
  <sample time='65:04 min' depth='6.08 m' />
  <sample time='65:06 min' depth='6.08 m' />
  <sample time='65:08 min' depth='6.12 m' />
  <sample time='65:10 min' depth='6.16 m' />
  <sample time='65:12 min' depth='6.22 m' temp='10.1 C' />
  <sample time='65:14 min' depth='6.32 m' />
  <sample time='65:16 min' depth='6.46 m' />
  <sample time='65:18 min' depth='6.64 m' />
  <sample time='65:20 min' depth='6.64 m' />
  <sample time='65:22 min' depth='6.72 m' />
  <sample time='65:24 min' depth='6.69 m' temp='10.0 C' />
  <sample time='65:26 min' depth='6.63 m' />
  <sample time='65:28 min' depth='6.63 m' />
  <sample time='65:30 min' depth='6.27 m' />
  <sample time='65:32 min' depth='5.98 m' />
  <sample time='65:34 min' depth='6.29 m' />
  <sample time='65:36 min' depth='6.54 m' temp='10.1 C' />
  <sample time='65:38 min' depth='6.67 m' />
  <sample time='65:40 min' depth='6.84 m' />
  <sample time='65:42 min' depth='7.03 m' />
  <sample time='65:44 min' depth='7.01 m' />
  <sample time='65:46 min' depth='7.02 m' />
  <sample time='65:48 min' depth='7.01 m' temp='10.0 C' />
  <sample time='65:50 min' depth='7.02 m' />
  <sample time='65:52 min' depth='7.01 m' />
  <sample time='65:54 min' depth='7.0 m' />
  <sample time='65:56 min' depth='7.01 m' />
  <sample time='65:58 min' depth='7.0 m' />
  <sample time='66:00 min' depth='6.92 m' />
  <sample time='66:02 min' depth='6.99 m' />
  <sample time='66:04 min' depth='7.03 m' />
  <sample time='66:06 min' depth='7.16 m' />
  <sample time='66:08 min' depth='7.12 m' />
  <sample time='66:10 min' depth='7.07 m' />
  <sample time='66:12 min' depth='6.87 m' />
  <sample time='66:14 min' depth='6.52 m' />
  <sample time='66:16 min' depth='6.37 m' />
  <sample time='66:18 min' depth='6.56 m' />
  <sample time='66:20 min' depth='6.51 m' />
  <sample time='66:22 min' depth='6.51 m' />
  <sample time='66:24 min' depth='6.66 m' temp='10.1 C' />
  <sample time='66:26 min' depth='6.74 m' />
  <sample time='66:28 min' depth='6.75 m' />
  <sample time='66:30 min' depth='6.81 m' />
  <sample time='66:32 min' depth='6.83 m' />
  <sample time='66:34 min' depth='6.84 m' />
  <sample time='66:36 min' depth='6.78 m' temp='10.0 C' />
  <sample time='66:38 min' depth='6.74 m' />
  <sample time='66:40 min' depth='6.69 m' />
  <sample time='66:42 min' depth='6.7 m' />
  <sample time='66:44 min' depth='6.72 m' />
  <sample time='66:46 min' depth='6.79 m' />
  <sample time='66:48 min' depth='6.8 m' />
  <sample time='66:50 min' depth='6.83 m' />
  <sample time='66:52 min' depth='6.87 m' />
  <sample time='66:54 min' depth='6.84 m' />
  <sample time='66:56 min' depth='6.89 m' />
  <sample time='66:58 min' depth='6.95 m' />
  <sample time='67:00 min' depth='6.93 m' />
  <sample time='67:02 min' depth='6.92 m' />
  <sample time='67:04 min' depth='6.98 m' />
  <sample time='67:06 min' depth='7.02 m' />
  <sample time='67:08 min' depth='7.05 m' />
  <sample time='67:10 min' depth='7.11 m' />
  <sample time='67:12 min' depth='7.2 m' />
  <sample time='67:14 min' depth='7.2 m' />
  <sample time='67:16 min' depth='7.24 m' />
  <sample time='67:18 min' depth='7.21 m' />
  <sample time='67:20 min' depth='7.2 m' />
  <sample time='67:22 min' depth='7.12 m' />
  <sample time='67:24 min' depth='7.13 m' />
  <sample time='67:26 min' depth='7.1 m' />
  <sample time='67:28 min' depth='7.14 m' />
  <sample time='67:30 min' depth='7.14 m' />
  <sample time='67:32 min' depth='6.8 m' />
  <sample time='67:34 min' depth='6.79 m' />
  <sample time='67:36 min' depth='7.02 m' />
  <sample time='67:38 min' depth='7.2 m' />
  <sample time='67:40 min' depth='7.22 m' />
  <sample time='67:42 min' depth='7.23 m' />
  <sample time='67:44 min' depth='7.22 m' />
  <sample time='67:46 min' depth='7.37 m' />
  <sample time='67:48 min' depth='7.16 m' />
  <sample time='67:50 min' depth='7.1 m' />
  <sample time='67:52 min' depth='7.1 m' />
  <sample time='67:54 min' depth='7.17 m' />
  <sample time='67:56 min' depth='7.19 m' />
  <sample time='67:58 min' depth='7.2 m' />
  <sample time='68:00 min' depth='7.2 m' />
  <sample time='68:02 min' depth='7.21 m' />
  <sample time='68:04 min' depth='7.16 m' />
  <sample time='68:06 min' depth='7.12 m' />
  <sample time='68:08 min' depth='7.01 m' />
  <sample time='68:10 min' depth='7.0 m' />
  <sample time='68:12 min' depth='7.0 m' />
  <sample time='68:14 min' depth='6.98 m' />
  <sample time='68:16 min' depth='6.95 m' />
  <sample time='68:18 min' depth='6.95 m' />
  <sample time='68:20 min' depth='6.99 m' />
  <sample time='68:22 min' depth='7.15 m' />
  <sample time='68:24 min' depth='7.1 m' />
  <sample time='68:26 min' depth='7.03 m' />
  <sample time='68:28 min' depth='6.99 m' />
  <sample time='68:30 min' depth='6.95 m' />
  <sample time='68:32 min' depth='7.02 m' />
  <sample time='68:34 min' depth='6.98 m' />
  <sample time='68:36 min' depth='7.02 m' />
  <sample time='68:38 min' depth='7.04 m' />
  <sample time='68:40 min' depth='6.78 m' />
  <sample time='68:42 min' depth='7.01 m' />
  <sample time='68:44 min' depth='7.12 m' />
  <sample time='68:46 min' depth='7.15 m' />
  <sample time='68:48 min' depth='7.1 m' />
  <sample time='68:50 min' depth='7.1 m' />
  <sample time='68:52 min' depth='7.14 m' />
  <sample time='68:54 min' depth='7.15 m' />
  <sample time='68:56 min' depth='7.16 m' />
  <sample time='68:58 min' depth='7.16 m' />
  <sample time='69:00 min' depth='6.77 m' />
  <sample time='69:02 min' depth='7.05 m' />
  <sample time='69:04 min' depth='7.08 m' />
  <sample time='69:06 min' depth='7.0 m' />
  <sample time='69:08 min' depth='6.53 m' />
  <sample time='69:10 min' depth='6.34 m' />
  <sample time='69:12 min' depth='6.21 m' />
  <sample time='69:14 min' depth='6.64 m' />
  <sample time='69:16 min' depth='6.8 m' />
  <sample time='69:18 min' depth='6.79 m' />
  <sample time='69:20 min' depth='6.87 m' />
  <sample time='69:22 min' depth='6.97 m' />
  <sample time='69:24 min' depth='7.11 m' />
  <sample time='69:26 min' depth='7.22 m' />
  <sample time='69:28 min' depth='7.11 m' />
  <sample time='69:30 min' depth='7.1 m' />
  <sample time='69:32 min' depth='7.09 m' />
  <sample time='69:34 min' depth='7.1 m' />
  <sample time='69:36 min' depth='7.16 m' />
  <sample time='69:38 min' depth='7.2 m' />
  <sample time='69:40 min' depth='7.2 m' />
  <sample time='69:42 min' depth='7.16 m' />
  <sample time='69:44 min' depth='7.1 m' />
  <sample time='69:46 min' depth='7.14 m' />
  <sample time='69:48 min' depth='7.07 m' />
  <sample time='69:50 min' depth='6.68 m' />
  <sample time='69:52 min' depth='7.05 m' />
  <sample time='69:54 min' depth='6.99 m' />
  <sample time='69:56 min' depth='6.91 m' />
  <sample time='69:58 min' depth='6.86 m' />
  <sample time='70:00 min' depth='6.8 m' />
  <sample time='70:02 min' depth='6.89 m' />
  <sample time='70:04 min' depth='6.99 m' />
  <sample time='70:06 min' depth='7.04 m' />
  <sample time='70:08 min' depth='7.16 m' />
  <sample time='70:10 min' depth='7.3 m' />
  <sample time='70:12 min' depth='7.3 m' />
  <sample time='70:14 min' depth='7.22 m' />
  <sample time='70:16 min' depth='7.16 m' />
  <sample time='70:18 min' depth='7.2 m' />
  <sample time='70:20 min' depth='7.16 m' />
  <sample time='70:22 min' depth='6.93 m' />
  <sample time='70:24 min' depth='6.81 m' />
  <sample time='70:26 min' depth='6.68 m' />
  <sample time='70:28 min' depth='6.59 m' />
  <sample time='70:30 min' depth='6.5 m' />
  <sample time='70:32 min' depth='6.39 m' />
  <sample time='70:34 min' depth='6.18 m' />
  <sample time='70:36 min' depth='6.24 m' />
  <sample time='70:38 min' depth='5.91 m' />
  <sample time='70:40 min' depth='6.08 m' />
  <sample time='70:42 min' depth='6.29 m' />
  <sample time='70:44 min' depth='6.39 m' />
  <sample time='70:46 min' depth='6.35 m' />
  <sample time='70:48 min' depth='6.35 m' />
  <sample time='70:50 min' depth='6.41 m' />
  <sample time='70:52 min' depth='6.59 m' />
  <sample time='70:54 min' depth='6.78 m' />
  <sample time='70:56 min' depth='6.73 m' />
  <sample time='70:58 min' depth='6.49 m' />
  <sample time='71:00 min' depth='6.37 m' />
  <sample time='71:02 min' depth='6.59 m' />
  <sample time='71:04 min' depth='6.67 m' />
  <sample time='71:06 min' depth='6.57 m' />
  <sample time='71:08 min' depth='6.71 m' />
  <sample time='71:10 min' depth='6.88 m' />
  <sample time='71:12 min' depth='6.93 m' />
  <sample time='71:14 min' depth='6.97 m' />
  <sample time='71:16 min' depth='7.08 m' />
  <sample time='71:18 min' depth='7.0 m' />
  <sample time='71:20 min' depth='6.98 m' />
  <sample time='71:22 min' depth='6.98 m' />
  <sample time='71:24 min' depth='7.01 m' />
  <sample time='71:26 min' depth='6.9 m' />
  <sample time='71:28 min' depth='6.85 m' />
  <sample time='71:30 min' depth='6.9 m' />
  <sample time='71:32 min' depth='6.79 m' />
  <sample time='71:34 min' depth='6.57 m' />
  <sample time='71:36 min' depth='6.4 m' />
  <sample time='71:38 min' depth='6.45 m' />
  <sample time='71:40 min' depth='6.38 m' />
  <sample time='71:42 min' depth='6.49 m' />
  <sample time='71:44 min' depth='6.5 m' />
  <sample time='71:46 min' depth='6.55 m' />
  <sample time='71:48 min' depth='6.51 m' />
  <sample time='71:50 min' depth='6.38 m' />
  <sample time='71:52 min' depth='6.31 m' />
  <sample time='71:54 min' depth='6.34 m' />
  <sample time='71:56 min' depth='6.28 m' />
  <sample time='71:58 min' depth='6.25 m' />
  <sample time='72:00 min' depth='6.21 m' />
  <sample time='72:02 min' depth='6.13 m' />
  <sample time='72:04 min' depth='6.13 m' />
  <sample time='72:06 min' depth='6.05 m' />
  <sample time='72:08 min' depth='6.04 m' />
  <sample time='72:10 min' depth='6.0 m' />
  <sample time='72:12 min' depth='5.97 m' />
  <sample time='72:14 min' depth='5.97 m' />
  <sample time='72:16 min' depth='5.96 m' />
  <sample time='72:18 min' depth='5.84 m' />
  <sample time='72:20 min' depth='5.77 m' />
  <sample time='72:22 min' depth='5.72 m' />
  <sample time='72:24 min' depth='5.74 m' />
  <sample time='72:26 min' depth='5.74 m' />
  <sample time='72:28 min' depth='5.68 m' />
  <sample time='72:30 min' depth='5.62 m' />
  <sample time='72:32 min' depth='5.53 m' />
  <sample time='72:34 min' depth='5.49 m' />
  <sample time='72:36 min' depth='5.42 m' />
  <sample time='72:38 min' depth='5.37 m' />
  <sample time='72:40 min' depth='4.98 m' />
  <sample time='72:42 min' depth='4.92 m' />
  <sample time='72:44 min' depth='5.37 m' />
  <sample time='72:46 min' depth='5.33 m' />
  <sample time='72:48 min' depth='5.33 m' />
  <sample time='72:50 min' depth='5.35 m' />
  <sample time='72:52 min' depth='5.32 m' />
  <sample time='72:54 min' depth='5.23 m' />
  <sample time='72:56 min' depth='5.09 m' />
  <sample time='72:58 min' depth='5.09 m' />
  <sample time='73:00 min' depth='5.06 m' temp='10.1 C' />
  <sample time='73:02 min' depth='5.02 m' />
  <sample time='73:04 min' depth='5.01 m' />
  <sample time='73:06 min' depth='5.07 m' />
  <sample time='73:08 min' depth='5.06 m' />
  <sample time='73:10 min' depth='5.06 m' />
  <sample time='73:12 min' depth='5.07 m' />
  <sample time='73:14 min' depth='5.04 m' />
  <sample time='73:16 min' depth='5.01 m' />
  <sample time='73:18 min' depth='4.99 m' />
  <sample time='73:20 min' depth='4.93 m' />
  <sample time='73:22 min' depth='4.83 m' />
  <sample time='73:24 min' depth='4.81 m' temp='10.0 C' />
  <sample time='73:26 min' depth='4.79 m' />
  <sample time='73:28 min' depth='4.77 m' />
  <sample time='73:30 min' depth='4.68 m' />
  <sample time='73:32 min' depth='4.6 m' />
  <sample time='73:34 min' depth='4.64 m' />
  <sample time='73:36 min' depth='4.75 m' temp='10.1 C' />
  <sample time='73:38 min' depth='4.7 m' />
  <sample time='73:40 min' depth='4.72 m' />
  <sample time='73:42 min' depth='4.72 m' />
  <sample time='73:44 min' depth='4.7 m' />
  <sample time='73:46 min' depth='4.7 m' />
  <sample time='73:48 min' depth='4.72 m' />
  <sample time='73:50 min' depth='4.73 m' />
  <sample time='73:52 min' depth='4.68 m' />
  <sample time='73:54 min' depth='4.7 m' />
  <sample time='73:56 min' depth='4.66 m' />
  <sample time='73:58 min' depth='4.57 m' />
  <sample time='74:00 min' depth='4.59 m' />
  <sample time='74:02 min' depth='4.63 m' />
  <sample time='74:04 min' depth='4.59 m' />
  <sample time='74:06 min' depth='4.49 m' />
  <sample time='74:08 min' depth='4.38 m' />
  <sample time='74:10 min' depth='4.3 m' />
  <sample time='74:12 min' depth='3.88 m' />
  <sample time='74:14 min' depth='3.86 m' />
  <sample time='74:16 min' depth='4.3 m' />
  <sample time='74:18 min' depth='4.31 m' />
  <sample time='74:20 min' depth='4.27 m' />
  <sample time='74:22 min' depth='4.19 m' />
  <sample time='74:24 min' depth='4.11 m' />
  <sample time='74:26 min' depth='4.12 m' />
  <sample time='74:28 min' depth='4.09 m' />
  <sample time='74:30 min' depth='4.02 m' />
  <sample time='74:32 min' depth='4.03 m' />
  <sample time='74:34 min' depth='4.05 m' />
  <sample time='74:36 min' depth='4.0 m' />
  <sample time='74:38 min' depth='3.96 m' />
  <sample time='74:40 min' depth='3.94 m' />
  <sample time='74:42 min' depth='3.95 m' />
  <sample time='74:44 min' depth='3.87 m' />
  <sample time='74:46 min' depth='3.79 m' />
  <sample time='74:48 min' depth='3.76 m' />
  <sample time='74:50 min' depth='3.78 m' />
  <sample time='74:52 min' depth='3.75 m' />
  <sample time='74:54 min' depth='3.64 m' />
  <sample time='74:56 min' depth='3.67 m' />
  <sample time='74:58 min' depth='3.7 m' />
  <sample time='75:00 min' depth='3.68 m' />
  <sample time='75:02 min' depth='3.69 m' />
  <sample time='75:04 min' depth='3.67 m' />
  <sample time='75:06 min' depth='3.66 m' />
  <sample time='75:08 min' depth='3.66 m' />
  <sample time='75:10 min' depth='3.66 m' />
  <sample time='75:12 min' depth='3.68 m' />
  <sample time='75:14 min' depth='3.66 m' />
  <sample time='75:16 min' depth='3.68 m' />
  <sample time='75:18 min' depth='3.64 m' />
  <sample time='75:20 min' depth='3.57 m' />
  <sample time='75:22 min' depth='3.53 m' />
  <sample time='75:24 min' depth='3.58 m' />
  <sample time='75:26 min' depth='3.58 m' />
  <sample time='75:28 min' depth='3.51 m' />
  <sample time='75:30 min' depth='3.5 m' />
  <sample time='75:32 min' depth='3.56 m' />
  <sample time='75:34 min' depth='3.55 m' />
  <sample time='75:36 min' depth='3.55 m' />
  <sample time='75:38 min' depth='3.55 m' />
  <sample time='75:40 min' depth='3.61 m' />
  <sample time='75:42 min' depth='3.63 m' />
  <sample time='75:44 min' depth='3.64 m' />
  <sample time='75:46 min' depth='3.63 m' />
  <sample time='75:48 min' depth='3.63 m' />
  <sample time='75:50 min' depth='3.66 m' />
  <sample time='75:52 min' depth='3.65 m' />
  <sample time='75:54 min' depth='3.63 m' />
  <sample time='75:56 min' depth='3.66 m' />
  <sample time='75:58 min' depth='3.6 m' />
  <sample time='76:00 min' depth='3.53 m' />
  <sample time='76:02 min' depth='3.45 m' />
  <sample time='76:04 min' depth='3.33 m' />
  <sample time='76:06 min' depth='3.47 m' />
  <sample time='76:08 min' depth='3.42 m' />
  <sample time='76:10 min' depth='3.25 m' />
  <sample time='76:12 min' depth='3.13 m' />
  <sample time='76:14 min' depth='3.08 m' />
  <sample time='76:16 min' depth='2.97 m' />
  <sample time='76:18 min' depth='3.13 m' />
  <sample time='76:20 min' depth='3.2 m' />
  <sample time='76:22 min' depth='3.05 m' />
  <sample time='76:24 min' depth='3.01 m' />
  <sample time='76:26 min' depth='2.92 m' />
  <sample time='76:28 min' depth='2.9 m' />
  <sample time='76:30 min' depth='2.52 m' />
  <sample time='76:32 min' depth='2.43 m' />
  <sample time='76:34 min' depth='2.36 m' />
  <sample time='76:36 min' depth='3.05 m' />
  <sample time='76:38 min' depth='3.08 m' />
  <sample time='76:40 min' depth='2.97 m' />
  <sample time='76:42 min' depth='2.83 m' />
  <sample time='76:44 min' depth='2.75 m' />
  <sample time='76:46 min' depth='2.66 m' />
  <sample time='76:48 min' depth='2.54 m' />
  <sample time='76:50 min' depth='2.54 m' />
  <sample time='76:52 min' depth='2.52 m' />
  <sample time='76:54 min' depth='2.48 m' />
  <sample time='76:56 min' depth='2.41 m' />
  <sample time='76:58 min' depth='2.11 m' />
  <sample time='77:00 min' depth='1.89 m' />
  <sample time='77:02 min' depth='1.76 m' />
  <sample time='77:04 min' depth='1.72 m' />
  <sample time='77:06 min' depth='2.25 m' />
  <sample time='77:08 min' depth='2.23 m' />
  <sample time='77:10 min' depth='2.18 m' />
  <sample time='77:12 min' depth='2.11 m' />
  <sample time='77:14 min' depth='2.13 m' />
  <sample time='77:16 min' depth='2.09 m' />
  <sample time='77:18 min' depth='1.99 m' />
  <sample time='77:20 min' depth='1.93 m' />
  <sample time='77:22 min' depth='1.92 m' />
  <sample time='77:24 min' depth='1.89 m' />
  <sample time='77:26 min' depth='1.8 m' />
  <sample time='77:28 min' depth='1.72 m' />
  <sample time='77:30 min' depth='1.72 m' />
  <sample time='77:32 min' depth='1.7 m' />
  <sample time='77:34 min' depth='1.67 m' />
  <sample time='77:36 min' depth='1.58 m' />
  <sample time='77:38 min' depth='1.53 m' />
  <sample time='77:40 min' depth='1.51 m' />
  <sample time='77:42 min' depth='1.43 m' />
  <sample time='77:44 min' depth='1.3 m' />
  <sample time='77:46 min' depth='1.18 m' />
  <sample time='77:48 min' depth='1.09 m' />
  <sample time='77:50 min' depth='1.01 m' />
  <sample time='77:52 min' depth='0.89 m' />
  <sample time='77:54 min' depth='0.71 m' />
  <sample time='77:56 min' depth='0.57 m' />
  <sample time='77:58 min' depth='0.59 m' />
  <sample time='78:00 min' depth='0.57 m' />
  <sample time='78:02 min' depth='0.47 m' />
  <sample time='78:04 min' depth='0.27 m' />
  <sample time='78:06 min' depth='0.41 m' />
  <sample time='78:08 min' depth='0.37 m' />
  <sample time='78:10 min' depth='0.39 m' />
  <sample time='78:12 min' depth='0.41 m' />
  <sample time='78:14 min' depth='0.44 m' />
  <sample time='78:16 min' depth='0.31 m' />
  <sample time='78:18 min' depth='0.36 m' />
  <sample time='78:20 min' depth='0.4 m' />
  <sample time='78:22 min' depth='0.37 m' />
  <sample time='78:24 min' depth='0.49 m' />
  <sample time='78:26 min' depth='0.44 m' />
  <sample time='78:28 min' depth='0.26 m' />
  <sample time='78:30 min' depth='0.32 m' />
  <sample time='78:32 min' depth='0.34 m' />
  <sample time='78:34 min' depth='0.24 m' />
  <sample time='78:36 min' depth='0.31 m' />
  <sample time='78:38 min' depth='0.34 m' />
  <sample time='78:40 min' depth='0.32 m' />
  <sample time='78:42 min' depth='0.29 m' />
  <sample time='78:44 min' depth='0.26 m' />
  <sample time='78:46 min' depth='0.32 m' />
  <sample time='78:48 min' depth='0.37 m' />
  <sample time='78:50 min' depth='0.27 m' />
  <sample time='78:52 min' depth='0.34 m' />
  <sample time='78:54 min' depth='0.35 m' />
  <sample time='78:56 min' depth='0.27 m' />
  <sample time='78:58 min' depth='0.28 m' />
  <sample time='79:00 min' depth='0.34 m' />
  <sample time='79:02 min' depth='0.33 m' />
  <sample time='79:04 min' depth='0.37 m' />
  <sample time='79:06 min' depth='0.66 m' />
  <sample time='79:08 min' depth='0.72 m' />
  <sample time='79:10 min' depth='0.69 m' />
  <sample time='79:12 min' depth='0.61 m' />
  <sample time='79:14 min' depth='0.63 m' />
  <sample time='79:16 min' depth='0.52 m' />
  <sample time='79:18 min' depth='0.37 m' />
  <sample time='79:20 min' depth='0.5 m' />
  <sample time='79:22 min' depth='0.59 m' />
  <sample time='79:24 min' depth='0.57 m' />
  <sample time='79:26 min' depth='0.53 m' />
  <sample time='79:28 min' depth='0.54 m' />
  <sample time='79:30 min' depth='0.56 m' />
  <sample time='79:32 min' depth='0.36 m' />
  <sample time='79:34 min' depth='0.39 m' />
  <sample time='79:36 min' depth='0.56 m' />
  <sample time='79:38 min' depth='0.56 m' />
  <sample time='79:40 min' depth='0.58 m' />
  <sample time='79:42 min' depth='0.59 m' />
  <sample time='79:44 min' depth='0.59 m' />
  <sample time='79:46 min' depth='0.58 m' />
  <sample time='79:48 min' depth='0.42 m' />
  <sample time='79:50 min' depth='0.54 m' />
  <sample time='79:52 min' depth='0.62 m' />
  <sample time='79:54 min' depth='0.62 m' />
  <sample time='79:56 min' depth='0.59 m' />
  <sample time='79:58 min' depth='0.61 m' />
  <sample time='80:00 min' depth='0.6 m' />
  <sample time='80:02 min' depth='0.68 m' />
  <sample time='80:04 min' depth='0.65 m' />
  <sample time='80:06 min' depth='0.65 m' />
  <sample time='80:08 min' depth='0.22 m' />
  <sample time='80:10 min' depth='0.26 m' />
  <sample time='80:12 min' depth='0.24 m' />
  <sample time='80:14 min' depth='0.22 m' />
  <sample time='80:16 min' depth='0.22 m' />
  <sample time='80:18 min' depth='0.25 m' />
  <sample time='80:20 min' depth='0.24 m' />
  <sample time='80:22 min' depth='0.22 m' />
  <sample time='80:24 min' depth='0.24 m' />
  <sample time='80:26 min' depth='0.24 m' />
  <sample time='80:28 min' depth='0.22 m' />
  <sample time='80:30 min' depth='0.22 m' />
  <sample time='80:32 min' depth='0.24 m' />
  <sample time='80:34 min' depth='0.22 m' />
  <sample time='80:36 min' depth='0.22 m' />
  <sample time='80:38 min' depth='0.22 m' />
  <sample time='80:40 min' depth='0.22 m' />
  <sample time='80:42 min' depth='0.22 m' />
  <sample time='80:44 min' depth='0.22 m' />
  <sample time='80:46 min' depth='0.22 m' />
  <sample time='80:48 min' depth='0.21 m' />
  <sample time='80:50 min' depth='0.24 m' />
  <sample time='80:52 min' depth='0.22 m' />
  <sample time='80:54 min' depth='0.25 m' />
  <sample time='80:56 min' depth='0.24 m' />
  <sample time='80:58 min' depth='0.22 m' />
  <sample time='81:00 min' depth='0.32 m' temp='10.0 C' />
  <sample time='81:02 min' depth='0.24 m' />
  <sample time='81:04 min' depth='0.24 m' />
  <sample time='81:06 min' depth='0.22 m' />
  <sample time='81:08 min' depth='0.27 m' />
  <sample time='81:10 min' depth='0.27 m' />
  <sample time='81:12 min' depth='0.32 m' />
  <sample time='81:14 min' depth='0.32 m' />
  <sample time='81:16 min' depth='0.34 m' />
  <sample time='81:18 min' depth='0.31 m' />
  <sample time='81:20 min' depth='0.33 m' />
  <sample time='81:22 min' depth='0.25 m' />
  <sample time='81:24 min' depth='0.27 m' temp='10.1 C' />
  <sample time='81:26 min' depth='0.22 m' />
  <sample time='81:28 min' depth='0.24 m' />
  <sample time='81:30 min' depth='0.22 m' />
  <sample time='81:32 min' depth='0.21 m' />
  <sample time='81:34 min' depth='0.24 m' />
  <sample time='81:36 min' depth='0.22 m' />
  <sample time='81:38 min' depth='0.22 m' />
  <sample time='81:40 min' depth='0.22 m' />
  <sample time='81:42 min' depth='0.24 m' />
  <sample time='81:44 min' depth='0.24 m' />
  <sample time='81:46 min' depth='0.22 m' />
  <sample time='81:48 min' depth='0.21 m' />
  <sample time='81:50 min' depth='0.21 m' />
  <sample time='81:52 min' depth='0.21 m' />
  <sample time='81:54 min' depth='0.21 m' />
  <sample time='81:56 min' depth='0.24 m' />
  <sample time='81:58 min' depth='0.22 m' />
  <sample time='82:00 min' depth='0.22 m' temp='10.0 C' />
  <sample time='82:02 min' depth='0.24 m' />
  <sample time='82:04 min' depth='0.24 m' />
  <sample time='82:06 min' depth='0.22 m' />
  <sample time='82:08 min' depth='0.21 m' />
  <sample time='82:10 min' depth='0.24 m' />
  <sample time='82:12 min' depth='0.22 m' temp='9.9 C' />
  <sample time='82:14 min' depth='0.22 m' />
  <sample time='82:16 min' depth='0.22 m' />
  <sample time='82:18 min' depth='0.22 m' />
  <sample time='82:20 min' depth='0.24 m' />
  <sample time='82:22 min' depth='0.22 m' />
  <sample time='82:24 min' depth='0.21 m' />
  <sample time='82:26 min' depth='0.24 m' />
  <sample time='82:28 min' depth='0.24 m' />
  <sample time='82:30 min' depth='0.24 m' />
  <sample time='82:32 min' depth='0.22 m' />
  <sample time='82:34 min' depth='0.22 m' />
  <sample time='82:36 min' depth='0.24 m' temp='9.8 C' />
  <sample time='82:38 min' depth='0.22 m' />
  <sample time='82:40 min' depth='0.21 m' />
  <sample time='82:42 min' depth='0.21 m' />
  <sample time='82:44 min' depth='0.22 m' />
  <sample time='82:46 min' depth='0.22 m' />
  <sample time='82:48 min' depth='0.25 m' temp='9.7 C' />
  <sample time='82:50 min' depth='0.24 m' />
  </divecomputer>
</dive>
</dives>
</divelog>
